ARM GAS  /tmp/cc63vqz5.s 			page 1


   1              		.cpu cortex-m4
   2              		.arch armv7e-m
   3              		.fpu softvfp
   4              		.eabi_attribute 20, 1
   5              		.eabi_attribute 21, 1
   6              		.eabi_attribute 23, 3
   7              		.eabi_attribute 24, 1
   8              		.eabi_attribute 25, 1
   9              		.eabi_attribute 26, 1
  10              		.eabi_attribute 30, 1
  11              		.eabi_attribute 34, 1
  12              		.eabi_attribute 18, 4
  13              		.file	"stm32wlxx_hal_dma_ex.c"
  14              		.text
  15              	.Ltext0:
  16              		.cfi_sections	.debug_frame
  17              		.file 1 "external/drivers/stm32wlxx/src/stm32wlxx_hal_dma_ex.c"
  18              		.section	.text.HAL_DMAEx_ConfigMuxSync,"ax",%progbits
  19              		.align	1
  20              		.global	HAL_DMAEx_ConfigMuxSync
  21              		.syntax unified
  22              		.thumb
  23              		.thumb_func
  25              	HAL_DMAEx_ConfigMuxSync:
  26              	.LVL0:
  27              	.LFB844:
   1:external/drivers/stm32wlxx/src/stm32wlxx_hal_dma_ex.c **** /**
   2:external/drivers/stm32wlxx/src/stm32wlxx_hal_dma_ex.c ****   ******************************************************************************
   3:external/drivers/stm32wlxx/src/stm32wlxx_hal_dma_ex.c ****   * @file    stm32wlxx_hal_dma_ex.c
   4:external/drivers/stm32wlxx/src/stm32wlxx_hal_dma_ex.c ****   * @author  MCD Application Team
   5:external/drivers/stm32wlxx/src/stm32wlxx_hal_dma_ex.c ****   * @brief   DMA Extension HAL module driver
   6:external/drivers/stm32wlxx/src/stm32wlxx_hal_dma_ex.c ****   *         This file provides firmware functions to manage the following
   7:external/drivers/stm32wlxx/src/stm32wlxx_hal_dma_ex.c ****   *         functionalities of the DMA Extension peripheral:
   8:external/drivers/stm32wlxx/src/stm32wlxx_hal_dma_ex.c ****   *           + Extended features functions
   9:external/drivers/stm32wlxx/src/stm32wlxx_hal_dma_ex.c ****   *
  10:external/drivers/stm32wlxx/src/stm32wlxx_hal_dma_ex.c ****   @verbatim
  11:external/drivers/stm32wlxx/src/stm32wlxx_hal_dma_ex.c ****   ==============================================================================
  12:external/drivers/stm32wlxx/src/stm32wlxx_hal_dma_ex.c ****                         ##### How to use this driver #####
  13:external/drivers/stm32wlxx/src/stm32wlxx_hal_dma_ex.c ****   ==============================================================================
  14:external/drivers/stm32wlxx/src/stm32wlxx_hal_dma_ex.c ****   [..]
  15:external/drivers/stm32wlxx/src/stm32wlxx_hal_dma_ex.c ****   The DMA Extension HAL driver can be used as follows:
  16:external/drivers/stm32wlxx/src/stm32wlxx_hal_dma_ex.c ****    (+) Configure the DMAMUX Synchronization Block using HAL_DMAEx_ConfigMuxSync function.
  17:external/drivers/stm32wlxx/src/stm32wlxx_hal_dma_ex.c ****    (+) Configure the DMAMUX Request Generator Block using HAL_DMAEx_ConfigMuxRequestGenerator funct
  18:external/drivers/stm32wlxx/src/stm32wlxx_hal_dma_ex.c ****        Functions HAL_DMAEx_EnableMuxRequestGenerator and HAL_DMAEx_DisableMuxRequestGenerator can t
  19:external/drivers/stm32wlxx/src/stm32wlxx_hal_dma_ex.c ****        to respectively enable/disable the request generator.
  20:external/drivers/stm32wlxx/src/stm32wlxx_hal_dma_ex.c **** 
  21:external/drivers/stm32wlxx/src/stm32wlxx_hal_dma_ex.c ****    (+) To handle the DMAMUX Interrupts, the function  HAL_DMAEx_MUX_IRQHandler should be called fro
  22:external/drivers/stm32wlxx/src/stm32wlxx_hal_dma_ex.c ****        the DMAMUX IRQ handler i.e DMAMUX1_OVR_IRQHandler.
  23:external/drivers/stm32wlxx/src/stm32wlxx_hal_dma_ex.c ****        As only one interrupt line is available for all DMAMUX channels and request generators , HAL
  24:external/drivers/stm32wlxx/src/stm32wlxx_hal_dma_ex.c ****        called with, as parameter, the appropriate DMA handle as many as used DMAs in the user proje
  25:external/drivers/stm32wlxx/src/stm32wlxx_hal_dma_ex.c ****       (exception done if a given DMA is not using the DMAMUX SYNC block neither a request generator
  26:external/drivers/stm32wlxx/src/stm32wlxx_hal_dma_ex.c **** 
  27:external/drivers/stm32wlxx/src/stm32wlxx_hal_dma_ex.c ****   @endverbatim
  28:external/drivers/stm32wlxx/src/stm32wlxx_hal_dma_ex.c ****   ******************************************************************************
  29:external/drivers/stm32wlxx/src/stm32wlxx_hal_dma_ex.c ****   * @attention
  30:external/drivers/stm32wlxx/src/stm32wlxx_hal_dma_ex.c ****   *
  31:external/drivers/stm32wlxx/src/stm32wlxx_hal_dma_ex.c ****   * Copyright (c) 2020 STMicroelectronics.
ARM GAS  /tmp/cc63vqz5.s 			page 2


  32:external/drivers/stm32wlxx/src/stm32wlxx_hal_dma_ex.c ****   * All rights reserved.
  33:external/drivers/stm32wlxx/src/stm32wlxx_hal_dma_ex.c ****   *
  34:external/drivers/stm32wlxx/src/stm32wlxx_hal_dma_ex.c ****   * This software is licensed under terms that can be found in the LICENSE file
  35:external/drivers/stm32wlxx/src/stm32wlxx_hal_dma_ex.c ****   * in the root directory of this software component.
  36:external/drivers/stm32wlxx/src/stm32wlxx_hal_dma_ex.c ****   * If no LICENSE file comes with this software, it is provided AS-IS.
  37:external/drivers/stm32wlxx/src/stm32wlxx_hal_dma_ex.c ****   *
  38:external/drivers/stm32wlxx/src/stm32wlxx_hal_dma_ex.c ****   ******************************************************************************
  39:external/drivers/stm32wlxx/src/stm32wlxx_hal_dma_ex.c ****   */
  40:external/drivers/stm32wlxx/src/stm32wlxx_hal_dma_ex.c **** 
  41:external/drivers/stm32wlxx/src/stm32wlxx_hal_dma_ex.c **** /* Includes ------------------------------------------------------------------*/
  42:external/drivers/stm32wlxx/src/stm32wlxx_hal_dma_ex.c **** #include "stm32wlxx_hal.h"
  43:external/drivers/stm32wlxx/src/stm32wlxx_hal_dma_ex.c **** 
  44:external/drivers/stm32wlxx/src/stm32wlxx_hal_dma_ex.c **** /** @addtogroup STM32WLxx_HAL_Driver
  45:external/drivers/stm32wlxx/src/stm32wlxx_hal_dma_ex.c ****   * @{
  46:external/drivers/stm32wlxx/src/stm32wlxx_hal_dma_ex.c ****   */
  47:external/drivers/stm32wlxx/src/stm32wlxx_hal_dma_ex.c **** 
  48:external/drivers/stm32wlxx/src/stm32wlxx_hal_dma_ex.c **** /** @defgroup DMAEx DMAEx
  49:external/drivers/stm32wlxx/src/stm32wlxx_hal_dma_ex.c ****   * @brief DMA Extended HAL module driver
  50:external/drivers/stm32wlxx/src/stm32wlxx_hal_dma_ex.c ****   * @{
  51:external/drivers/stm32wlxx/src/stm32wlxx_hal_dma_ex.c ****   */
  52:external/drivers/stm32wlxx/src/stm32wlxx_hal_dma_ex.c **** 
  53:external/drivers/stm32wlxx/src/stm32wlxx_hal_dma_ex.c **** #ifdef HAL_DMA_MODULE_ENABLED
  54:external/drivers/stm32wlxx/src/stm32wlxx_hal_dma_ex.c **** 
  55:external/drivers/stm32wlxx/src/stm32wlxx_hal_dma_ex.c **** /* Private typedef -----------------------------------------------------------*/
  56:external/drivers/stm32wlxx/src/stm32wlxx_hal_dma_ex.c **** /* Private define ------------------------------------------------------------*/
  57:external/drivers/stm32wlxx/src/stm32wlxx_hal_dma_ex.c **** /* Private macro -------------------------------------------------------------*/
  58:external/drivers/stm32wlxx/src/stm32wlxx_hal_dma_ex.c **** /* Private variables ---------------------------------------------------------*/
  59:external/drivers/stm32wlxx/src/stm32wlxx_hal_dma_ex.c **** /* Private Constants ---------------------------------------------------------*/
  60:external/drivers/stm32wlxx/src/stm32wlxx_hal_dma_ex.c **** /* Private function prototypes -----------------------------------------------*/
  61:external/drivers/stm32wlxx/src/stm32wlxx_hal_dma_ex.c **** /* Exported functions --------------------------------------------------------*/
  62:external/drivers/stm32wlxx/src/stm32wlxx_hal_dma_ex.c **** 
  63:external/drivers/stm32wlxx/src/stm32wlxx_hal_dma_ex.c **** 
  64:external/drivers/stm32wlxx/src/stm32wlxx_hal_dma_ex.c **** /** @defgroup DMAEx_Exported_Functions DMAEx Exported Functions
  65:external/drivers/stm32wlxx/src/stm32wlxx_hal_dma_ex.c ****   * @{
  66:external/drivers/stm32wlxx/src/stm32wlxx_hal_dma_ex.c ****   */
  67:external/drivers/stm32wlxx/src/stm32wlxx_hal_dma_ex.c **** 
  68:external/drivers/stm32wlxx/src/stm32wlxx_hal_dma_ex.c **** /** @defgroup DMAEx_Exported_Functions_Group1 DMAEx Extended features functions
  69:external/drivers/stm32wlxx/src/stm32wlxx_hal_dma_ex.c ****   *  @brief   Extended features functions
  70:external/drivers/stm32wlxx/src/stm32wlxx_hal_dma_ex.c ****   *
  71:external/drivers/stm32wlxx/src/stm32wlxx_hal_dma_ex.c **** @verbatim
  72:external/drivers/stm32wlxx/src/stm32wlxx_hal_dma_ex.c ****  ===============================================================================
  73:external/drivers/stm32wlxx/src/stm32wlxx_hal_dma_ex.c ****                 #####  Extended features functions  #####
  74:external/drivers/stm32wlxx/src/stm32wlxx_hal_dma_ex.c ****  ===============================================================================
  75:external/drivers/stm32wlxx/src/stm32wlxx_hal_dma_ex.c ****     [..]  This section provides functions allowing to:
  76:external/drivers/stm32wlxx/src/stm32wlxx_hal_dma_ex.c **** 
  77:external/drivers/stm32wlxx/src/stm32wlxx_hal_dma_ex.c ****     (+) Configure the DMAMUX Synchronization Block using HAL_DMAEx_ConfigMuxSync function.
  78:external/drivers/stm32wlxx/src/stm32wlxx_hal_dma_ex.c ****     (+) Configure the DMAMUX Request Generator Block using HAL_DMAEx_ConfigMuxRequestGenerator func
  79:external/drivers/stm32wlxx/src/stm32wlxx_hal_dma_ex.c ****        Functions HAL_DMAEx_EnableMuxRequestGenerator and HAL_DMAEx_DisableMuxRequestGenerator can t
  80:external/drivers/stm32wlxx/src/stm32wlxx_hal_dma_ex.c ****        to respectively enable/disable the request generator.
  81:external/drivers/stm32wlxx/src/stm32wlxx_hal_dma_ex.c ****     (+) Handle DMAMUX interrupts using HAL_DMAEx_MUX_IRQHandler : should be called from
  82:external/drivers/stm32wlxx/src/stm32wlxx_hal_dma_ex.c ****         the DMAMUX IRQ handler
  83:external/drivers/stm32wlxx/src/stm32wlxx_hal_dma_ex.c **** 
  84:external/drivers/stm32wlxx/src/stm32wlxx_hal_dma_ex.c **** @endverbatim
  85:external/drivers/stm32wlxx/src/stm32wlxx_hal_dma_ex.c ****   * @{
  86:external/drivers/stm32wlxx/src/stm32wlxx_hal_dma_ex.c ****   */
  87:external/drivers/stm32wlxx/src/stm32wlxx_hal_dma_ex.c **** 
  88:external/drivers/stm32wlxx/src/stm32wlxx_hal_dma_ex.c **** /**
ARM GAS  /tmp/cc63vqz5.s 			page 3


  89:external/drivers/stm32wlxx/src/stm32wlxx_hal_dma_ex.c ****   * @brief Configure the DMAMUX synchronization parameters for a given DMA channel (instance).
  90:external/drivers/stm32wlxx/src/stm32wlxx_hal_dma_ex.c ****   * @param hdma Pointer to a DMA_HandleTypeDef structure that contains
  91:external/drivers/stm32wlxx/src/stm32wlxx_hal_dma_ex.c ****   *             the configuration information for the specified DMA channel.
  92:external/drivers/stm32wlxx/src/stm32wlxx_hal_dma_ex.c ****   * @param pSyncConfig Pointer to HAL_DMA_MuxSyncConfigTypeDef contains the DMAMUX synchronization 
  93:external/drivers/stm32wlxx/src/stm32wlxx_hal_dma_ex.c ****   * @retval HAL status
  94:external/drivers/stm32wlxx/src/stm32wlxx_hal_dma_ex.c ****   */
  95:external/drivers/stm32wlxx/src/stm32wlxx_hal_dma_ex.c **** HAL_StatusTypeDef HAL_DMAEx_ConfigMuxSync(DMA_HandleTypeDef *hdma, HAL_DMA_MuxSyncConfigTypeDef *pS
  96:external/drivers/stm32wlxx/src/stm32wlxx_hal_dma_ex.c **** {
  28              		.loc 1 96 1 view -0
  29              		.cfi_startproc
  30              		@ args = 0, pretend = 0, frame = 0
  31              		@ frame_needed = 0, uses_anonymous_args = 0
  32              		@ link register save eliminated.
  97:external/drivers/stm32wlxx/src/stm32wlxx_hal_dma_ex.c ****   /* Check the parameters */
  98:external/drivers/stm32wlxx/src/stm32wlxx_hal_dma_ex.c ****   assert_param(IS_DMA_ALL_INSTANCE(hdma->Instance));
  33              		.loc 1 98 3 view .LVU1
  99:external/drivers/stm32wlxx/src/stm32wlxx_hal_dma_ex.c **** 
 100:external/drivers/stm32wlxx/src/stm32wlxx_hal_dma_ex.c ****   assert_param(IS_DMAMUX_SYNC_SIGNAL_ID(pSyncConfig->SyncSignalID));
  34              		.loc 1 100 3 view .LVU2
 101:external/drivers/stm32wlxx/src/stm32wlxx_hal_dma_ex.c **** 
 102:external/drivers/stm32wlxx/src/stm32wlxx_hal_dma_ex.c ****   assert_param(IS_DMAMUX_SYNC_POLARITY(pSyncConfig-> SyncPolarity));
  35              		.loc 1 102 3 view .LVU3
 103:external/drivers/stm32wlxx/src/stm32wlxx_hal_dma_ex.c ****   assert_param(IS_DMAMUX_SYNC_STATE(pSyncConfig->SyncEnable));
  36              		.loc 1 103 3 view .LVU4
 104:external/drivers/stm32wlxx/src/stm32wlxx_hal_dma_ex.c ****   assert_param(IS_DMAMUX_SYNC_EVENT(pSyncConfig->EventEnable));
  37              		.loc 1 104 3 view .LVU5
 105:external/drivers/stm32wlxx/src/stm32wlxx_hal_dma_ex.c ****   assert_param(IS_DMAMUX_SYNC_REQUEST_NUMBER(pSyncConfig->RequestNumber));
  38              		.loc 1 105 3 view .LVU6
 106:external/drivers/stm32wlxx/src/stm32wlxx_hal_dma_ex.c **** 
 107:external/drivers/stm32wlxx/src/stm32wlxx_hal_dma_ex.c ****   /*Check if the DMA state is ready */
 108:external/drivers/stm32wlxx/src/stm32wlxx_hal_dma_ex.c ****   if (hdma->State == HAL_DMA_STATE_READY)
  39              		.loc 1 108 3 view .LVU7
  40              		.loc 1 108 11 is_stmt 0 view .LVU8
  41 0000 90F82530 		ldrb	r3, [r0, #37]	@ zero_extendqisi2
  42 0004 DBB2     		uxtb	r3, r3
  43              		.loc 1 108 6 view .LVU9
  44 0006 012B     		cmp	r3, #1
  45 0008 22D1     		bne	.L2
 109:external/drivers/stm32wlxx/src/stm32wlxx_hal_dma_ex.c ****   {
 110:external/drivers/stm32wlxx/src/stm32wlxx_hal_dma_ex.c ****     /* Process Locked */
 111:external/drivers/stm32wlxx/src/stm32wlxx_hal_dma_ex.c ****     __HAL_LOCK(hdma);
  46              		.loc 1 111 5 is_stmt 1 view .LVU10
  47              		.loc 1 111 5 view .LVU11
  48 000a 90F82430 		ldrb	r3, [r0, #36]	@ zero_extendqisi2
  49 000e 012B     		cmp	r3, #1
  50 0010 22D0     		beq	.L4
  96:external/drivers/stm32wlxx/src/stm32wlxx_hal_dma_ex.c ****   /* Check the parameters */
  51              		.loc 1 96 1 is_stmt 0 view .LVU12
  52 0012 30B4     		push	{r4, r5}
  53              	.LCFI0:
  54              		.cfi_def_cfa_offset 8
  55              		.cfi_offset 4, -8
  56              		.cfi_offset 5, -4
  57              		.loc 1 111 5 is_stmt 1 discriminator 2 view .LVU13
  58 0014 0123     		movs	r3, #1
  59 0016 80F82430 		strb	r3, [r0, #36]
  60              		.loc 1 111 5 discriminator 2 view .LVU14
ARM GAS  /tmp/cc63vqz5.s 			page 4


 112:external/drivers/stm32wlxx/src/stm32wlxx_hal_dma_ex.c **** 
 113:external/drivers/stm32wlxx/src/stm32wlxx_hal_dma_ex.c ****     /* Set the new synchronization parameters (and keep the request ID filled during the Init)*/
 114:external/drivers/stm32wlxx/src/stm32wlxx_hal_dma_ex.c ****     MODIFY_REG(hdma->DMAmuxChannel->CCR, \
  61              		.loc 1 114 5 view .LVU15
  62 001a 846C     		ldr	r4, [r0, #72]
  63 001c 2268     		ldr	r2, [r4]
  64 001e 02F07F02 		and	r2, r2, #127
  65 0022 0B68     		ldr	r3, [r1]
  66 0024 CD68     		ldr	r5, [r1, #12]
  67 0026 05F1FF3C 		add	ip, r5, #-1
  68 002a 43EACC43 		orr	r3, r3, ip, lsl #19
  69 002e 4D68     		ldr	r5, [r1, #4]
  70 0030 2B43     		orrs	r3, r3, r5
  71 0032 91F808C0 		ldrb	ip, [r1, #8]	@ zero_extendqisi2
  72 0036 43EA0C43 		orr	r3, r3, ip, lsl #16
  73 003a 497A     		ldrb	r1, [r1, #9]	@ zero_extendqisi2
  74              	.LVL1:
  75              		.loc 1 114 5 is_stmt 0 view .LVU16
  76 003c 43EA4123 		orr	r3, r3, r1, lsl #9
  77 0040 1343     		orrs	r3, r3, r2
  78 0042 2360     		str	r3, [r4]
 115:external/drivers/stm32wlxx/src/stm32wlxx_hal_dma_ex.c ****                (~DMAMUX_CxCR_DMAREQ_ID), \
 116:external/drivers/stm32wlxx/src/stm32wlxx_hal_dma_ex.c ****                (pSyncConfig->SyncSignalID | ((pSyncConfig->RequestNumber - 1U) << DMAMUX_CxCR_NBREQ
 117:external/drivers/stm32wlxx/src/stm32wlxx_hal_dma_ex.c ****                 pSyncConfig->SyncPolarity | ((uint32_t)pSyncConfig->SyncEnable << DMAMUX_CxCR_SE_Po
 118:external/drivers/stm32wlxx/src/stm32wlxx_hal_dma_ex.c ****                 ((uint32_t)pSyncConfig->EventEnable << DMAMUX_CxCR_EGE_Pos)));
 119:external/drivers/stm32wlxx/src/stm32wlxx_hal_dma_ex.c **** 
 120:external/drivers/stm32wlxx/src/stm32wlxx_hal_dma_ex.c ****     /* Process UnLocked */
 121:external/drivers/stm32wlxx/src/stm32wlxx_hal_dma_ex.c ****     __HAL_UNLOCK(hdma);
  79              		.loc 1 121 5 is_stmt 1 view .LVU17
  80              		.loc 1 121 5 view .LVU18
  81 0044 0023     		movs	r3, #0
  82 0046 80F82430 		strb	r3, [r0, #36]
  83              		.loc 1 121 5 view .LVU19
 122:external/drivers/stm32wlxx/src/stm32wlxx_hal_dma_ex.c **** 
 123:external/drivers/stm32wlxx/src/stm32wlxx_hal_dma_ex.c ****     return HAL_OK;
  84              		.loc 1 123 5 view .LVU20
  85              		.loc 1 123 12 is_stmt 0 view .LVU21
  86 004a 1846     		mov	r0, r3
  87              	.LVL2:
 124:external/drivers/stm32wlxx/src/stm32wlxx_hal_dma_ex.c ****   }
 125:external/drivers/stm32wlxx/src/stm32wlxx_hal_dma_ex.c ****   else
 126:external/drivers/stm32wlxx/src/stm32wlxx_hal_dma_ex.c ****   {
 127:external/drivers/stm32wlxx/src/stm32wlxx_hal_dma_ex.c ****     /* Set the error code to busy */
 128:external/drivers/stm32wlxx/src/stm32wlxx_hal_dma_ex.c ****     hdma->ErrorCode = HAL_DMA_ERROR_BUSY;
 129:external/drivers/stm32wlxx/src/stm32wlxx_hal_dma_ex.c **** 
 130:external/drivers/stm32wlxx/src/stm32wlxx_hal_dma_ex.c ****     /* Return error status */
 131:external/drivers/stm32wlxx/src/stm32wlxx_hal_dma_ex.c ****     return HAL_ERROR;
 132:external/drivers/stm32wlxx/src/stm32wlxx_hal_dma_ex.c ****   }
 133:external/drivers/stm32wlxx/src/stm32wlxx_hal_dma_ex.c **** }
  88              		.loc 1 133 1 view .LVU22
  89 004c 30BC     		pop	{r4, r5}
  90              	.LCFI1:
  91              		.cfi_restore 5
  92              		.cfi_restore 4
  93              		.cfi_def_cfa_offset 0
  94 004e 7047     		bx	lr
  95              	.LVL3:
ARM GAS  /tmp/cc63vqz5.s 			page 5


  96              	.L2:
 128:external/drivers/stm32wlxx/src/stm32wlxx_hal_dma_ex.c **** 
  97              		.loc 1 128 5 is_stmt 1 view .LVU23
 128:external/drivers/stm32wlxx/src/stm32wlxx_hal_dma_ex.c **** 
  98              		.loc 1 128 21 is_stmt 0 view .LVU24
  99 0050 8023     		movs	r3, #128
 100 0052 C363     		str	r3, [r0, #60]
 131:external/drivers/stm32wlxx/src/stm32wlxx_hal_dma_ex.c ****   }
 101              		.loc 1 131 5 is_stmt 1 view .LVU25
 131:external/drivers/stm32wlxx/src/stm32wlxx_hal_dma_ex.c ****   }
 102              		.loc 1 131 12 is_stmt 0 view .LVU26
 103 0054 0120     		movs	r0, #1
 104              	.LVL4:
 131:external/drivers/stm32wlxx/src/stm32wlxx_hal_dma_ex.c ****   }
 105              		.loc 1 131 12 view .LVU27
 106 0056 7047     		bx	lr
 107              	.LVL5:
 108              	.L4:
 111:external/drivers/stm32wlxx/src/stm32wlxx_hal_dma_ex.c **** 
 109              		.loc 1 111 5 discriminator 1 view .LVU28
 110 0058 0220     		movs	r0, #2
 111              	.LVL6:
 112              		.loc 1 133 1 view .LVU29
 113 005a 7047     		bx	lr
 114              		.cfi_endproc
 115              	.LFE844:
 117              		.section	.text.HAL_DMAEx_ConfigMuxRequestGenerator,"ax",%progbits
 118              		.align	1
 119              		.global	HAL_DMAEx_ConfigMuxRequestGenerator
 120              		.syntax unified
 121              		.thumb
 122              		.thumb_func
 124              	HAL_DMAEx_ConfigMuxRequestGenerator:
 125              	.LVL7:
 126              	.LFB845:
 134:external/drivers/stm32wlxx/src/stm32wlxx_hal_dma_ex.c **** 
 135:external/drivers/stm32wlxx/src/stm32wlxx_hal_dma_ex.c **** /**
 136:external/drivers/stm32wlxx/src/stm32wlxx_hal_dma_ex.c ****   * @brief Configure the DMAMUX request generator block used by the given DMA channel (instance).
 137:external/drivers/stm32wlxx/src/stm32wlxx_hal_dma_ex.c ****   * @param hdma Pointer to a DMA_HandleTypeDef structure that contains
 138:external/drivers/stm32wlxx/src/stm32wlxx_hal_dma_ex.c ****   *             the configuration information for the specified DMA channel.
 139:external/drivers/stm32wlxx/src/stm32wlxx_hal_dma_ex.c ****   * @param pRequestGeneratorConfig Pointer to HAL_DMA_MuxRequestGeneratorConfigTypeDef
 140:external/drivers/stm32wlxx/src/stm32wlxx_hal_dma_ex.c ****   *                                contains the request generator parameters.
 141:external/drivers/stm32wlxx/src/stm32wlxx_hal_dma_ex.c ****   *
 142:external/drivers/stm32wlxx/src/stm32wlxx_hal_dma_ex.c ****   * @retval HAL status
 143:external/drivers/stm32wlxx/src/stm32wlxx_hal_dma_ex.c ****   */
 144:external/drivers/stm32wlxx/src/stm32wlxx_hal_dma_ex.c **** HAL_StatusTypeDef HAL_DMAEx_ConfigMuxRequestGenerator(DMA_HandleTypeDef *hdma,
 145:external/drivers/stm32wlxx/src/stm32wlxx_hal_dma_ex.c ****                                                       HAL_DMA_MuxRequestGeneratorConfigTypeDef *pRe
 146:external/drivers/stm32wlxx/src/stm32wlxx_hal_dma_ex.c **** {
 127              		.loc 1 146 1 is_stmt 1 view -0
 128              		.cfi_startproc
 129              		@ args = 0, pretend = 0, frame = 0
 130              		@ frame_needed = 0, uses_anonymous_args = 0
 131              		@ link register save eliminated.
 147:external/drivers/stm32wlxx/src/stm32wlxx_hal_dma_ex.c ****   HAL_StatusTypeDef status;
 132              		.loc 1 147 3 view .LVU31
 148:external/drivers/stm32wlxx/src/stm32wlxx_hal_dma_ex.c ****   HAL_DMA_StateTypeDef temp_state = hdma->State;
 133              		.loc 1 148 3 view .LVU32
ARM GAS  /tmp/cc63vqz5.s 			page 6


 134              		.loc 1 148 24 is_stmt 0 view .LVU33
 135 0000 90F82530 		ldrb	r3, [r0, #37]	@ zero_extendqisi2
 136              	.LVL8:
 149:external/drivers/stm32wlxx/src/stm32wlxx_hal_dma_ex.c **** 
 150:external/drivers/stm32wlxx/src/stm32wlxx_hal_dma_ex.c ****   /* Check the parameters */
 151:external/drivers/stm32wlxx/src/stm32wlxx_hal_dma_ex.c ****   assert_param(IS_DMA_ALL_INSTANCE(hdma->Instance));
 137              		.loc 1 151 3 is_stmt 1 view .LVU34
 152:external/drivers/stm32wlxx/src/stm32wlxx_hal_dma_ex.c **** 
 153:external/drivers/stm32wlxx/src/stm32wlxx_hal_dma_ex.c ****   assert_param(IS_DMAMUX_REQUEST_GEN_SIGNAL_ID(pRequestGeneratorConfig->SignalID));
 138              		.loc 1 153 3 view .LVU35
 154:external/drivers/stm32wlxx/src/stm32wlxx_hal_dma_ex.c **** 
 155:external/drivers/stm32wlxx/src/stm32wlxx_hal_dma_ex.c ****   assert_param(IS_DMAMUX_REQUEST_GEN_POLARITY(pRequestGeneratorConfig->Polarity));
 139              		.loc 1 155 3 view .LVU36
 156:external/drivers/stm32wlxx/src/stm32wlxx_hal_dma_ex.c ****   assert_param(IS_DMAMUX_REQUEST_GEN_REQUEST_NUMBER(pRequestGeneratorConfig->RequestNumber));
 140              		.loc 1 156 3 view .LVU37
 157:external/drivers/stm32wlxx/src/stm32wlxx_hal_dma_ex.c **** 
 158:external/drivers/stm32wlxx/src/stm32wlxx_hal_dma_ex.c ****   /* check if the DMA state is ready
 159:external/drivers/stm32wlxx/src/stm32wlxx_hal_dma_ex.c ****      and DMA is using a DMAMUX request generator block
 160:external/drivers/stm32wlxx/src/stm32wlxx_hal_dma_ex.c ****   */
 161:external/drivers/stm32wlxx/src/stm32wlxx_hal_dma_ex.c ****   if (hdma->DMAmuxRequestGen == NULL)
 141              		.loc 1 161 3 view .LVU38
 142              		.loc 1 161 11 is_stmt 0 view .LVU39
 143 0004 426D     		ldr	r2, [r0, #84]
 144              		.loc 1 161 6 view .LVU40
 145 0006 62B1     		cbz	r2, .L17
 146:external/drivers/stm32wlxx/src/stm32wlxx_hal_dma_ex.c ****   HAL_StatusTypeDef status;
 146              		.loc 1 146 1 view .LVU41
 147 0008 10B4     		push	{r4}
 148              	.LCFI2:
 149              		.cfi_def_cfa_offset 4
 150              		.cfi_offset 4, -4
 151 000a DBB2     		uxtb	r3, r3
 162:external/drivers/stm32wlxx/src/stm32wlxx_hal_dma_ex.c ****   {
 163:external/drivers/stm32wlxx/src/stm32wlxx_hal_dma_ex.c ****     /* Set the error code to busy */
 164:external/drivers/stm32wlxx/src/stm32wlxx_hal_dma_ex.c ****     hdma->ErrorCode = HAL_DMA_ERROR_PARAM;
 165:external/drivers/stm32wlxx/src/stm32wlxx_hal_dma_ex.c **** 
 166:external/drivers/stm32wlxx/src/stm32wlxx_hal_dma_ex.c ****     /* error status */
 167:external/drivers/stm32wlxx/src/stm32wlxx_hal_dma_ex.c ****     status = HAL_ERROR;
 168:external/drivers/stm32wlxx/src/stm32wlxx_hal_dma_ex.c ****   }
 169:external/drivers/stm32wlxx/src/stm32wlxx_hal_dma_ex.c ****   else if (((hdma->DMAmuxRequestGen->RGCR & DMAMUX_RGxCR_GE) == 0U) && (temp_state == HAL_DMA_STATE
 152              		.loc 1 169 8 is_stmt 1 view .LVU42
 153              		.loc 1 169 36 is_stmt 0 view .LVU43
 154 000c 1468     		ldr	r4, [r2]
 155              		.loc 1 169 11 view .LVU44
 156 000e 14F4803F 		tst	r4, #65536
 157 0012 01D1     		bne	.L12
 158              		.loc 1 169 69 discriminator 1 view .LVU45
 159 0014 012B     		cmp	r3, #1
 160 0016 08D0     		beq	.L18
 161              	.L12:
 170:external/drivers/stm32wlxx/src/stm32wlxx_hal_dma_ex.c ****   {
 171:external/drivers/stm32wlxx/src/stm32wlxx_hal_dma_ex.c ****     /* RequestGenerator must be disable prior to the configuration i.e GE bit is 0 */
 172:external/drivers/stm32wlxx/src/stm32wlxx_hal_dma_ex.c **** 
 173:external/drivers/stm32wlxx/src/stm32wlxx_hal_dma_ex.c ****     /* Process Locked */
 174:external/drivers/stm32wlxx/src/stm32wlxx_hal_dma_ex.c ****     __HAL_LOCK(hdma);
 175:external/drivers/stm32wlxx/src/stm32wlxx_hal_dma_ex.c **** 
 176:external/drivers/stm32wlxx/src/stm32wlxx_hal_dma_ex.c ****     /* Set the request generator new parameters*/
ARM GAS  /tmp/cc63vqz5.s 			page 7


 177:external/drivers/stm32wlxx/src/stm32wlxx_hal_dma_ex.c ****     hdma->DMAmuxRequestGen->RGCR = pRequestGeneratorConfig->SignalID | \
 178:external/drivers/stm32wlxx/src/stm32wlxx_hal_dma_ex.c ****                                    ((pRequestGeneratorConfig->RequestNumber - 1U) << DMAMUX_RGxCR_G
 179:external/drivers/stm32wlxx/src/stm32wlxx_hal_dma_ex.c ****                                    pRequestGeneratorConfig->Polarity;
 180:external/drivers/stm32wlxx/src/stm32wlxx_hal_dma_ex.c ****     /* Process UnLocked */
 181:external/drivers/stm32wlxx/src/stm32wlxx_hal_dma_ex.c ****     __HAL_UNLOCK(hdma);
 182:external/drivers/stm32wlxx/src/stm32wlxx_hal_dma_ex.c **** 
 183:external/drivers/stm32wlxx/src/stm32wlxx_hal_dma_ex.c ****     return HAL_OK;
 184:external/drivers/stm32wlxx/src/stm32wlxx_hal_dma_ex.c ****   }
 185:external/drivers/stm32wlxx/src/stm32wlxx_hal_dma_ex.c ****   else
 186:external/drivers/stm32wlxx/src/stm32wlxx_hal_dma_ex.c ****   {
 187:external/drivers/stm32wlxx/src/stm32wlxx_hal_dma_ex.c ****     /* Set the error code to busy */
 188:external/drivers/stm32wlxx/src/stm32wlxx_hal_dma_ex.c ****     hdma->ErrorCode = HAL_DMA_ERROR_BUSY;
 162              		.loc 1 188 5 is_stmt 1 view .LVU46
 163              		.loc 1 188 21 is_stmt 0 view .LVU47
 164 0018 8023     		movs	r3, #128
 165              	.LVL9:
 166              		.loc 1 188 21 view .LVU48
 167 001a C363     		str	r3, [r0, #60]
 189:external/drivers/stm32wlxx/src/stm32wlxx_hal_dma_ex.c **** 
 190:external/drivers/stm32wlxx/src/stm32wlxx_hal_dma_ex.c ****     /* error status */
 191:external/drivers/stm32wlxx/src/stm32wlxx_hal_dma_ex.c ****     status = HAL_ERROR;
 168              		.loc 1 191 5 is_stmt 1 view .LVU49
 169              	.LVL10:
 192:external/drivers/stm32wlxx/src/stm32wlxx_hal_dma_ex.c ****   }
 193:external/drivers/stm32wlxx/src/stm32wlxx_hal_dma_ex.c **** 
 194:external/drivers/stm32wlxx/src/stm32wlxx_hal_dma_ex.c ****   return status;
 170              		.loc 1 194 10 is_stmt 0 view .LVU50
 171 001c 0120     		movs	r0, #1
 172              	.LVL11:
 173              	.L11:
 195:external/drivers/stm32wlxx/src/stm32wlxx_hal_dma_ex.c **** }
 174              		.loc 1 195 1 view .LVU51
 175 001e 10BC     		pop	{r4}
 176              	.LCFI3:
 177              		.cfi_restore 4
 178              		.cfi_def_cfa_offset 0
 179 0020 7047     		bx	lr
 180              	.LVL12:
 181              	.L17:
 164:external/drivers/stm32wlxx/src/stm32wlxx_hal_dma_ex.c **** 
 182              		.loc 1 164 5 is_stmt 1 view .LVU52
 164:external/drivers/stm32wlxx/src/stm32wlxx_hal_dma_ex.c **** 
 183              		.loc 1 164 21 is_stmt 0 view .LVU53
 184 0022 4023     		movs	r3, #64
 185              	.LVL13:
 164:external/drivers/stm32wlxx/src/stm32wlxx_hal_dma_ex.c **** 
 186              		.loc 1 164 21 view .LVU54
 187 0024 C363     		str	r3, [r0, #60]
 167:external/drivers/stm32wlxx/src/stm32wlxx_hal_dma_ex.c ****   }
 188              		.loc 1 167 5 is_stmt 1 view .LVU55
 189              	.LVL14:
 194:external/drivers/stm32wlxx/src/stm32wlxx_hal_dma_ex.c **** }
 190              		.loc 1 194 10 is_stmt 0 view .LVU56
 191 0026 0120     		movs	r0, #1
 192              	.LVL15:
 193              		.loc 1 195 1 view .LVU57
 194 0028 7047     		bx	lr
ARM GAS  /tmp/cc63vqz5.s 			page 8


 195              	.LVL16:
 196              	.L18:
 197              	.LCFI4:
 198              		.cfi_def_cfa_offset 4
 199              		.cfi_offset 4, -4
 174:external/drivers/stm32wlxx/src/stm32wlxx_hal_dma_ex.c **** 
 200              		.loc 1 174 5 is_stmt 1 view .LVU58
 174:external/drivers/stm32wlxx/src/stm32wlxx_hal_dma_ex.c **** 
 201              		.loc 1 174 5 view .LVU59
 202 002a 90F82430 		ldrb	r3, [r0, #36]	@ zero_extendqisi2
 203              	.LVL17:
 174:external/drivers/stm32wlxx/src/stm32wlxx_hal_dma_ex.c **** 
 204              		.loc 1 174 5 is_stmt 0 view .LVU60
 205 002e 012B     		cmp	r3, #1
 206 0030 0FD0     		beq	.L13
 174:external/drivers/stm32wlxx/src/stm32wlxx_hal_dma_ex.c **** 
 207              		.loc 1 174 5 is_stmt 1 discriminator 2 view .LVU61
 208 0032 0123     		movs	r3, #1
 209 0034 80F82430 		strb	r3, [r0, #36]
 174:external/drivers/stm32wlxx/src/stm32wlxx_hal_dma_ex.c **** 
 210              		.loc 1 174 5 discriminator 2 view .LVU62
 177:external/drivers/stm32wlxx/src/stm32wlxx_hal_dma_ex.c ****                                    ((pRequestGeneratorConfig->RequestNumber - 1U) << DMAMUX_RGxCR_G
 211              		.loc 1 177 5 view .LVU63
 177:external/drivers/stm32wlxx/src/stm32wlxx_hal_dma_ex.c ****                                    ((pRequestGeneratorConfig->RequestNumber - 1U) << DMAMUX_RGxCR_G
 212              		.loc 1 177 59 is_stmt 0 view .LVU64
 213 0038 0B68     		ldr	r3, [r1]
 178:external/drivers/stm32wlxx/src/stm32wlxx_hal_dma_ex.c ****                                    pRequestGeneratorConfig->Polarity;
 214              		.loc 1 178 61 view .LVU65
 215 003a 8C68     		ldr	r4, [r1, #8]
 178:external/drivers/stm32wlxx/src/stm32wlxx_hal_dma_ex.c ****                                    pRequestGeneratorConfig->Polarity;
 216              		.loc 1 178 77 view .LVU66
 217 003c 013C     		subs	r4, r4, #1
 177:external/drivers/stm32wlxx/src/stm32wlxx_hal_dma_ex.c ****                                    ((pRequestGeneratorConfig->RequestNumber - 1U) << DMAMUX_RGxCR_G
 218              		.loc 1 177 70 view .LVU67
 219 003e 43EAC443 		orr	r3, r3, r4, lsl #19
 179:external/drivers/stm32wlxx/src/stm32wlxx_hal_dma_ex.c ****     /* Process UnLocked */
 220              		.loc 1 179 59 view .LVU68
 221 0042 4968     		ldr	r1, [r1, #4]
 222              	.LVL18:
 178:external/drivers/stm32wlxx/src/stm32wlxx_hal_dma_ex.c ****                                    pRequestGeneratorConfig->Polarity;
 223              		.loc 1 178 111 view .LVU69
 224 0044 0B43     		orrs	r3, r3, r1
 177:external/drivers/stm32wlxx/src/stm32wlxx_hal_dma_ex.c ****                                    ((pRequestGeneratorConfig->RequestNumber - 1U) << DMAMUX_RGxCR_G
 225              		.loc 1 177 34 view .LVU70
 226 0046 1360     		str	r3, [r2]
 181:external/drivers/stm32wlxx/src/stm32wlxx_hal_dma_ex.c **** 
 227              		.loc 1 181 5 is_stmt 1 view .LVU71
 181:external/drivers/stm32wlxx/src/stm32wlxx_hal_dma_ex.c **** 
 228              		.loc 1 181 5 view .LVU72
 229 0048 0023     		movs	r3, #0
 230 004a 80F82430 		strb	r3, [r0, #36]
 181:external/drivers/stm32wlxx/src/stm32wlxx_hal_dma_ex.c **** 
 231              		.loc 1 181 5 view .LVU73
 183:external/drivers/stm32wlxx/src/stm32wlxx_hal_dma_ex.c ****   }
 232              		.loc 1 183 5 view .LVU74
 183:external/drivers/stm32wlxx/src/stm32wlxx_hal_dma_ex.c ****   }
 233              		.loc 1 183 12 is_stmt 0 view .LVU75
ARM GAS  /tmp/cc63vqz5.s 			page 9


 234 004e 1846     		mov	r0, r3
 235              	.LVL19:
 183:external/drivers/stm32wlxx/src/stm32wlxx_hal_dma_ex.c ****   }
 236              		.loc 1 183 12 view .LVU76
 237 0050 E5E7     		b	.L11
 238              	.LVL20:
 239              	.L13:
 174:external/drivers/stm32wlxx/src/stm32wlxx_hal_dma_ex.c **** 
 240              		.loc 1 174 5 discriminator 1 view .LVU77
 241 0052 0220     		movs	r0, #2
 242              	.LVL21:
 174:external/drivers/stm32wlxx/src/stm32wlxx_hal_dma_ex.c **** 
 243              		.loc 1 174 5 discriminator 1 view .LVU78
 244 0054 E3E7     		b	.L11
 245              		.cfi_endproc
 246              	.LFE845:
 248              		.section	.text.HAL_DMAEx_EnableMuxRequestGenerator,"ax",%progbits
 249              		.align	1
 250              		.global	HAL_DMAEx_EnableMuxRequestGenerator
 251              		.syntax unified
 252              		.thumb
 253              		.thumb_func
 255              	HAL_DMAEx_EnableMuxRequestGenerator:
 256              	.LVL22:
 257              	.LFB846:
 196:external/drivers/stm32wlxx/src/stm32wlxx_hal_dma_ex.c **** 
 197:external/drivers/stm32wlxx/src/stm32wlxx_hal_dma_ex.c **** /**
 198:external/drivers/stm32wlxx/src/stm32wlxx_hal_dma_ex.c ****   * @brief Enable the DMAMUX request generator block used by the given DMA channel (instance).
 199:external/drivers/stm32wlxx/src/stm32wlxx_hal_dma_ex.c ****   * @param hdma Pointer to a DMA_HandleTypeDef structure that contains
 200:external/drivers/stm32wlxx/src/stm32wlxx_hal_dma_ex.c ****   *             the configuration information for the specified DMA channel.
 201:external/drivers/stm32wlxx/src/stm32wlxx_hal_dma_ex.c ****   * @retval HAL status
 202:external/drivers/stm32wlxx/src/stm32wlxx_hal_dma_ex.c ****   */
 203:external/drivers/stm32wlxx/src/stm32wlxx_hal_dma_ex.c **** HAL_StatusTypeDef HAL_DMAEx_EnableMuxRequestGenerator(DMA_HandleTypeDef *hdma)
 204:external/drivers/stm32wlxx/src/stm32wlxx_hal_dma_ex.c **** {
 258              		.loc 1 204 1 is_stmt 1 view -0
 259              		.cfi_startproc
 260              		@ args = 0, pretend = 0, frame = 0
 261              		@ frame_needed = 0, uses_anonymous_args = 0
 262              		@ link register save eliminated.
 205:external/drivers/stm32wlxx/src/stm32wlxx_hal_dma_ex.c ****   /* Check the parameters */
 206:external/drivers/stm32wlxx/src/stm32wlxx_hal_dma_ex.c ****   assert_param(IS_DMA_ALL_INSTANCE(hdma->Instance));
 263              		.loc 1 206 3 view .LVU80
 207:external/drivers/stm32wlxx/src/stm32wlxx_hal_dma_ex.c **** 
 208:external/drivers/stm32wlxx/src/stm32wlxx_hal_dma_ex.c ****   /* check if the DMA state is ready
 209:external/drivers/stm32wlxx/src/stm32wlxx_hal_dma_ex.c ****      and DMA is using a DMAMUX request generator block
 210:external/drivers/stm32wlxx/src/stm32wlxx_hal_dma_ex.c ****   */
 211:external/drivers/stm32wlxx/src/stm32wlxx_hal_dma_ex.c ****   if ((hdma->State != HAL_DMA_STATE_RESET) && (hdma->DMAmuxRequestGen != 0))
 264              		.loc 1 211 3 view .LVU81
 265              		.loc 1 211 12 is_stmt 0 view .LVU82
 266 0000 90F82530 		ldrb	r3, [r0, #37]	@ zero_extendqisi2
 267              		.loc 1 211 6 view .LVU83
 268 0004 3BB1     		cbz	r3, .L21
 269              		.loc 1 211 52 discriminator 1 view .LVU84
 270 0006 436D     		ldr	r3, [r0, #84]
 271              		.loc 1 211 44 discriminator 1 view .LVU85
 272 0008 3BB1     		cbz	r3, .L22
 212:external/drivers/stm32wlxx/src/stm32wlxx_hal_dma_ex.c ****   {
ARM GAS  /tmp/cc63vqz5.s 			page 10


 213:external/drivers/stm32wlxx/src/stm32wlxx_hal_dma_ex.c **** 
 214:external/drivers/stm32wlxx/src/stm32wlxx_hal_dma_ex.c ****     /* Enable the request generator*/
 215:external/drivers/stm32wlxx/src/stm32wlxx_hal_dma_ex.c ****     hdma->DMAmuxRequestGen->RGCR |= DMAMUX_RGxCR_GE;
 273              		.loc 1 215 5 is_stmt 1 view .LVU86
 274              		.loc 1 215 27 is_stmt 0 view .LVU87
 275 000a 1A68     		ldr	r2, [r3]
 276              		.loc 1 215 34 view .LVU88
 277 000c 42F48032 		orr	r2, r2, #65536
 278 0010 1A60     		str	r2, [r3]
 216:external/drivers/stm32wlxx/src/stm32wlxx_hal_dma_ex.c **** 
 217:external/drivers/stm32wlxx/src/stm32wlxx_hal_dma_ex.c ****     return HAL_OK;
 279              		.loc 1 217 5 is_stmt 1 view .LVU89
 280              		.loc 1 217 12 is_stmt 0 view .LVU90
 281 0012 0020     		movs	r0, #0
 282              	.LVL23:
 283              		.loc 1 217 12 view .LVU91
 284 0014 7047     		bx	lr
 285              	.LVL24:
 286              	.L21:
 218:external/drivers/stm32wlxx/src/stm32wlxx_hal_dma_ex.c ****   }
 219:external/drivers/stm32wlxx/src/stm32wlxx_hal_dma_ex.c ****   else
 220:external/drivers/stm32wlxx/src/stm32wlxx_hal_dma_ex.c ****   {
 221:external/drivers/stm32wlxx/src/stm32wlxx_hal_dma_ex.c ****     return HAL_ERROR;
 287              		.loc 1 221 12 view .LVU92
 288 0016 0120     		movs	r0, #1
 289              	.LVL25:
 290              		.loc 1 221 12 view .LVU93
 291 0018 7047     		bx	lr
 292              	.LVL26:
 293              	.L22:
 294              		.loc 1 221 12 view .LVU94
 295 001a 0120     		movs	r0, #1
 296              	.LVL27:
 222:external/drivers/stm32wlxx/src/stm32wlxx_hal_dma_ex.c ****   }
 223:external/drivers/stm32wlxx/src/stm32wlxx_hal_dma_ex.c **** }
 297              		.loc 1 223 1 view .LVU95
 298 001c 7047     		bx	lr
 299              		.cfi_endproc
 300              	.LFE846:
 302              		.section	.text.HAL_DMAEx_DisableMuxRequestGenerator,"ax",%progbits
 303              		.align	1
 304              		.global	HAL_DMAEx_DisableMuxRequestGenerator
 305              		.syntax unified
 306              		.thumb
 307              		.thumb_func
 309              	HAL_DMAEx_DisableMuxRequestGenerator:
 310              	.LVL28:
 311              	.LFB847:
 224:external/drivers/stm32wlxx/src/stm32wlxx_hal_dma_ex.c **** 
 225:external/drivers/stm32wlxx/src/stm32wlxx_hal_dma_ex.c **** /**
 226:external/drivers/stm32wlxx/src/stm32wlxx_hal_dma_ex.c ****   * @brief Disable the DMAMUX request generator block used by the given DMA channel (instance).
 227:external/drivers/stm32wlxx/src/stm32wlxx_hal_dma_ex.c ****   * @param hdma Pointer to a DMA_HandleTypeDef structure that contains
 228:external/drivers/stm32wlxx/src/stm32wlxx_hal_dma_ex.c ****   *             the configuration information for the specified DMA channel.
 229:external/drivers/stm32wlxx/src/stm32wlxx_hal_dma_ex.c ****   * @retval HAL status
 230:external/drivers/stm32wlxx/src/stm32wlxx_hal_dma_ex.c ****   */
 231:external/drivers/stm32wlxx/src/stm32wlxx_hal_dma_ex.c **** HAL_StatusTypeDef HAL_DMAEx_DisableMuxRequestGenerator(DMA_HandleTypeDef *hdma)
 232:external/drivers/stm32wlxx/src/stm32wlxx_hal_dma_ex.c **** {
ARM GAS  /tmp/cc63vqz5.s 			page 11


 312              		.loc 1 232 1 is_stmt 1 view -0
 313              		.cfi_startproc
 314              		@ args = 0, pretend = 0, frame = 0
 315              		@ frame_needed = 0, uses_anonymous_args = 0
 316              		@ link register save eliminated.
 233:external/drivers/stm32wlxx/src/stm32wlxx_hal_dma_ex.c ****   /* Check the parameters */
 234:external/drivers/stm32wlxx/src/stm32wlxx_hal_dma_ex.c ****   assert_param(IS_DMA_ALL_INSTANCE(hdma->Instance));
 317              		.loc 1 234 3 view .LVU97
 235:external/drivers/stm32wlxx/src/stm32wlxx_hal_dma_ex.c **** 
 236:external/drivers/stm32wlxx/src/stm32wlxx_hal_dma_ex.c ****   /* check if the DMA state is ready
 237:external/drivers/stm32wlxx/src/stm32wlxx_hal_dma_ex.c ****      and DMA is using a DMAMUX request generator block
 238:external/drivers/stm32wlxx/src/stm32wlxx_hal_dma_ex.c ****   */
 239:external/drivers/stm32wlxx/src/stm32wlxx_hal_dma_ex.c ****   if ((hdma->State != HAL_DMA_STATE_RESET) && (hdma->DMAmuxRequestGen != 0))
 318              		.loc 1 239 3 view .LVU98
 319              		.loc 1 239 12 is_stmt 0 view .LVU99
 320 0000 90F82530 		ldrb	r3, [r0, #37]	@ zero_extendqisi2
 321              		.loc 1 239 6 view .LVU100
 322 0004 3BB1     		cbz	r3, .L25
 323              		.loc 1 239 52 discriminator 1 view .LVU101
 324 0006 436D     		ldr	r3, [r0, #84]
 325              		.loc 1 239 44 discriminator 1 view .LVU102
 326 0008 3BB1     		cbz	r3, .L26
 240:external/drivers/stm32wlxx/src/stm32wlxx_hal_dma_ex.c ****   {
 241:external/drivers/stm32wlxx/src/stm32wlxx_hal_dma_ex.c **** 
 242:external/drivers/stm32wlxx/src/stm32wlxx_hal_dma_ex.c ****     /* Disable the request generator*/
 243:external/drivers/stm32wlxx/src/stm32wlxx_hal_dma_ex.c ****     hdma->DMAmuxRequestGen->RGCR &= ~DMAMUX_RGxCR_GE;
 327              		.loc 1 243 5 is_stmt 1 view .LVU103
 328              		.loc 1 243 27 is_stmt 0 view .LVU104
 329 000a 1A68     		ldr	r2, [r3]
 330              		.loc 1 243 34 view .LVU105
 331 000c 22F48032 		bic	r2, r2, #65536
 332 0010 1A60     		str	r2, [r3]
 244:external/drivers/stm32wlxx/src/stm32wlxx_hal_dma_ex.c **** 
 245:external/drivers/stm32wlxx/src/stm32wlxx_hal_dma_ex.c ****     return HAL_OK;
 333              		.loc 1 245 5 is_stmt 1 view .LVU106
 334              		.loc 1 245 12 is_stmt 0 view .LVU107
 335 0012 0020     		movs	r0, #0
 336              	.LVL29:
 337              		.loc 1 245 12 view .LVU108
 338 0014 7047     		bx	lr
 339              	.LVL30:
 340              	.L25:
 246:external/drivers/stm32wlxx/src/stm32wlxx_hal_dma_ex.c ****   }
 247:external/drivers/stm32wlxx/src/stm32wlxx_hal_dma_ex.c ****   else
 248:external/drivers/stm32wlxx/src/stm32wlxx_hal_dma_ex.c ****   {
 249:external/drivers/stm32wlxx/src/stm32wlxx_hal_dma_ex.c ****     return HAL_ERROR;
 341              		.loc 1 249 12 view .LVU109
 342 0016 0120     		movs	r0, #1
 343              	.LVL31:
 344              		.loc 1 249 12 view .LVU110
 345 0018 7047     		bx	lr
 346              	.LVL32:
 347              	.L26:
 348              		.loc 1 249 12 view .LVU111
 349 001a 0120     		movs	r0, #1
 350              	.LVL33:
 250:external/drivers/stm32wlxx/src/stm32wlxx_hal_dma_ex.c ****   }
ARM GAS  /tmp/cc63vqz5.s 			page 12


 251:external/drivers/stm32wlxx/src/stm32wlxx_hal_dma_ex.c **** }
 351              		.loc 1 251 1 view .LVU112
 352 001c 7047     		bx	lr
 353              		.cfi_endproc
 354              	.LFE847:
 356              		.section	.text.HAL_DMAEx_MUX_IRQHandler,"ax",%progbits
 357              		.align	1
 358              		.global	HAL_DMAEx_MUX_IRQHandler
 359              		.syntax unified
 360              		.thumb
 361              		.thumb_func
 363              	HAL_DMAEx_MUX_IRQHandler:
 364              	.LVL34:
 365              	.LFB848:
 252:external/drivers/stm32wlxx/src/stm32wlxx_hal_dma_ex.c **** 
 253:external/drivers/stm32wlxx/src/stm32wlxx_hal_dma_ex.c **** /**
 254:external/drivers/stm32wlxx/src/stm32wlxx_hal_dma_ex.c ****   * @brief Handles DMAMUX interrupt request.
 255:external/drivers/stm32wlxx/src/stm32wlxx_hal_dma_ex.c ****   * @param hdma Pointer to a DMA_HandleTypeDef structure that contains
 256:external/drivers/stm32wlxx/src/stm32wlxx_hal_dma_ex.c ****   *             the configuration information for the specified DMA channel.
 257:external/drivers/stm32wlxx/src/stm32wlxx_hal_dma_ex.c ****   * @retval None
 258:external/drivers/stm32wlxx/src/stm32wlxx_hal_dma_ex.c ****   */
 259:external/drivers/stm32wlxx/src/stm32wlxx_hal_dma_ex.c **** void HAL_DMAEx_MUX_IRQHandler(DMA_HandleTypeDef *hdma)
 260:external/drivers/stm32wlxx/src/stm32wlxx_hal_dma_ex.c **** {
 366              		.loc 1 260 1 is_stmt 1 view -0
 367              		.cfi_startproc
 368              		@ args = 0, pretend = 0, frame = 0
 369              		@ frame_needed = 0, uses_anonymous_args = 0
 370              		.loc 1 260 1 is_stmt 0 view .LVU114
 371 0000 10B5     		push	{r4, lr}
 372              	.LCFI5:
 373              		.cfi_def_cfa_offset 8
 374              		.cfi_offset 4, -8
 375              		.cfi_offset 14, -4
 376 0002 0446     		mov	r4, r0
 261:external/drivers/stm32wlxx/src/stm32wlxx_hal_dma_ex.c ****   /* Check for DMAMUX Synchronization overrun */
 262:external/drivers/stm32wlxx/src/stm32wlxx_hal_dma_ex.c ****   if ((hdma->DMAmuxChannelStatus->CSR & hdma->DMAmuxChannelStatusMask) != 0U)
 377              		.loc 1 262 3 is_stmt 1 view .LVU115
 378              		.loc 1 262 12 is_stmt 0 view .LVU116
 379 0004 C36C     		ldr	r3, [r0, #76]
 380              		.loc 1 262 33 view .LVU117
 381 0006 1A68     		ldr	r2, [r3]
 382              		.loc 1 262 45 view .LVU118
 383 0008 036D     		ldr	r3, [r0, #80]
 384              		.loc 1 262 6 view .LVU119
 385 000a 1A42     		tst	r2, r3
 386 000c 0ED0     		beq	.L28
 263:external/drivers/stm32wlxx/src/stm32wlxx_hal_dma_ex.c ****   {
 264:external/drivers/stm32wlxx/src/stm32wlxx_hal_dma_ex.c ****     /* Disable the synchro overrun interrupt */
 265:external/drivers/stm32wlxx/src/stm32wlxx_hal_dma_ex.c ****     hdma->DMAmuxChannel->CCR &= ~DMAMUX_CxCR_SOIE;
 387              		.loc 1 265 5 is_stmt 1 view .LVU120
 388              		.loc 1 265 9 is_stmt 0 view .LVU121
 389 000e 826C     		ldr	r2, [r0, #72]
 390              		.loc 1 265 24 view .LVU122
 391 0010 1368     		ldr	r3, [r2]
 392              		.loc 1 265 30 view .LVU123
 393 0012 23F48073 		bic	r3, r3, #256
 394 0016 1360     		str	r3, [r2]
ARM GAS  /tmp/cc63vqz5.s 			page 13


 266:external/drivers/stm32wlxx/src/stm32wlxx_hal_dma_ex.c **** 
 267:external/drivers/stm32wlxx/src/stm32wlxx_hal_dma_ex.c ****     /* Clear the DMAMUX synchro overrun flag */
 268:external/drivers/stm32wlxx/src/stm32wlxx_hal_dma_ex.c ****     hdma->DMAmuxChannelStatus->CFR = hdma->DMAmuxChannelStatusMask;
 395              		.loc 1 268 5 is_stmt 1 view .LVU124
 396              		.loc 1 268 9 is_stmt 0 view .LVU125
 397 0018 C36C     		ldr	r3, [r0, #76]
 398              		.loc 1 268 42 view .LVU126
 399 001a 026D     		ldr	r2, [r0, #80]
 400              		.loc 1 268 36 view .LVU127
 401 001c 5A60     		str	r2, [r3, #4]
 269:external/drivers/stm32wlxx/src/stm32wlxx_hal_dma_ex.c **** 
 270:external/drivers/stm32wlxx/src/stm32wlxx_hal_dma_ex.c ****     /* Update error code */
 271:external/drivers/stm32wlxx/src/stm32wlxx_hal_dma_ex.c ****     hdma->ErrorCode |= HAL_DMA_ERROR_SYNC;
 402              		.loc 1 271 5 is_stmt 1 view .LVU128
 403              		.loc 1 271 9 is_stmt 0 view .LVU129
 404 001e C36B     		ldr	r3, [r0, #60]
 405              		.loc 1 271 21 view .LVU130
 406 0020 43F40073 		orr	r3, r3, #512
 407 0024 C363     		str	r3, [r0, #60]
 272:external/drivers/stm32wlxx/src/stm32wlxx_hal_dma_ex.c **** 
 273:external/drivers/stm32wlxx/src/stm32wlxx_hal_dma_ex.c ****     if (hdma->XferErrorCallback != NULL)
 408              		.loc 1 273 5 is_stmt 1 view .LVU131
 409              		.loc 1 273 13 is_stmt 0 view .LVU132
 410 0026 436B     		ldr	r3, [r0, #52]
 411              		.loc 1 273 8 view .LVU133
 412 0028 03B1     		cbz	r3, .L28
 274:external/drivers/stm32wlxx/src/stm32wlxx_hal_dma_ex.c ****     {
 275:external/drivers/stm32wlxx/src/stm32wlxx_hal_dma_ex.c ****       /* Transfer error callback */
 276:external/drivers/stm32wlxx/src/stm32wlxx_hal_dma_ex.c ****       hdma->XferErrorCallback(hdma);
 413              		.loc 1 276 7 is_stmt 1 view .LVU134
 414 002a 9847     		blx	r3
 415              	.LVL35:
 416              	.L28:
 277:external/drivers/stm32wlxx/src/stm32wlxx_hal_dma_ex.c ****     }
 278:external/drivers/stm32wlxx/src/stm32wlxx_hal_dma_ex.c ****   }
 279:external/drivers/stm32wlxx/src/stm32wlxx_hal_dma_ex.c **** 
 280:external/drivers/stm32wlxx/src/stm32wlxx_hal_dma_ex.c ****   if (hdma->DMAmuxRequestGen != 0)
 417              		.loc 1 280 3 view .LVU135
 418              		.loc 1 280 11 is_stmt 0 view .LVU136
 419 002c 636D     		ldr	r3, [r4, #84]
 420              		.loc 1 280 6 view .LVU137
 421 002e 9BB1     		cbz	r3, .L27
 281:external/drivers/stm32wlxx/src/stm32wlxx_hal_dma_ex.c ****   {
 282:external/drivers/stm32wlxx/src/stm32wlxx_hal_dma_ex.c ****     /* if using a DMAMUX request generator block Check for DMAMUX request generator overrun */
 283:external/drivers/stm32wlxx/src/stm32wlxx_hal_dma_ex.c ****     if ((hdma->DMAmuxRequestGenStatus->RGSR & hdma->DMAmuxRequestGenStatusMask) != 0U)
 422              		.loc 1 283 5 is_stmt 1 view .LVU138
 423              		.loc 1 283 14 is_stmt 0 view .LVU139
 424 0030 A26D     		ldr	r2, [r4, #88]
 425              		.loc 1 283 38 view .LVU140
 426 0032 1168     		ldr	r1, [r2]
 427              		.loc 1 283 51 view .LVU141
 428 0034 E26D     		ldr	r2, [r4, #92]
 429              		.loc 1 283 8 view .LVU142
 430 0036 1142     		tst	r1, r2
 431 0038 0ED0     		beq	.L27
 284:external/drivers/stm32wlxx/src/stm32wlxx_hal_dma_ex.c ****     {
 285:external/drivers/stm32wlxx/src/stm32wlxx_hal_dma_ex.c ****       /* Disable the request gen overrun interrupt */
ARM GAS  /tmp/cc63vqz5.s 			page 14


 286:external/drivers/stm32wlxx/src/stm32wlxx_hal_dma_ex.c ****       hdma->DMAmuxRequestGen->RGCR &= ~DMAMUX_RGxCR_OIE;
 432              		.loc 1 286 7 is_stmt 1 view .LVU143
 433              		.loc 1 286 29 is_stmt 0 view .LVU144
 434 003a 1A68     		ldr	r2, [r3]
 435              		.loc 1 286 36 view .LVU145
 436 003c 22F48072 		bic	r2, r2, #256
 437 0040 1A60     		str	r2, [r3]
 287:external/drivers/stm32wlxx/src/stm32wlxx_hal_dma_ex.c **** 
 288:external/drivers/stm32wlxx/src/stm32wlxx_hal_dma_ex.c ****       /* Clear the DMAMUX request generator overrun flag */
 289:external/drivers/stm32wlxx/src/stm32wlxx_hal_dma_ex.c ****       hdma->DMAmuxRequestGenStatus->RGCFR = hdma->DMAmuxRequestGenStatusMask;
 438              		.loc 1 289 7 is_stmt 1 view .LVU146
 439              		.loc 1 289 11 is_stmt 0 view .LVU147
 440 0042 A36D     		ldr	r3, [r4, #88]
 441              		.loc 1 289 49 view .LVU148
 442 0044 E26D     		ldr	r2, [r4, #92]
 443              		.loc 1 289 43 view .LVU149
 444 0046 5A60     		str	r2, [r3, #4]
 290:external/drivers/stm32wlxx/src/stm32wlxx_hal_dma_ex.c **** 
 291:external/drivers/stm32wlxx/src/stm32wlxx_hal_dma_ex.c ****       /* Update error code */
 292:external/drivers/stm32wlxx/src/stm32wlxx_hal_dma_ex.c ****       hdma->ErrorCode |= HAL_DMA_ERROR_REQGEN;
 445              		.loc 1 292 7 is_stmt 1 view .LVU150
 446              		.loc 1 292 11 is_stmt 0 view .LVU151
 447 0048 E36B     		ldr	r3, [r4, #60]
 448              		.loc 1 292 23 view .LVU152
 449 004a 43F48063 		orr	r3, r3, #1024
 450 004e E363     		str	r3, [r4, #60]
 293:external/drivers/stm32wlxx/src/stm32wlxx_hal_dma_ex.c **** 
 294:external/drivers/stm32wlxx/src/stm32wlxx_hal_dma_ex.c ****       if (hdma->XferErrorCallback != NULL)
 451              		.loc 1 294 7 is_stmt 1 view .LVU153
 452              		.loc 1 294 15 is_stmt 0 view .LVU154
 453 0050 636B     		ldr	r3, [r4, #52]
 454              		.loc 1 294 10 view .LVU155
 455 0052 0BB1     		cbz	r3, .L27
 295:external/drivers/stm32wlxx/src/stm32wlxx_hal_dma_ex.c ****       {
 296:external/drivers/stm32wlxx/src/stm32wlxx_hal_dma_ex.c ****         /* Transfer error callback */
 297:external/drivers/stm32wlxx/src/stm32wlxx_hal_dma_ex.c ****         hdma->XferErrorCallback(hdma);
 456              		.loc 1 297 9 is_stmt 1 view .LVU156
 457 0054 2046     		mov	r0, r4
 458 0056 9847     		blx	r3
 459              	.LVL36:
 460              	.L27:
 298:external/drivers/stm32wlxx/src/stm32wlxx_hal_dma_ex.c ****       }
 299:external/drivers/stm32wlxx/src/stm32wlxx_hal_dma_ex.c ****     }
 300:external/drivers/stm32wlxx/src/stm32wlxx_hal_dma_ex.c ****   }
 301:external/drivers/stm32wlxx/src/stm32wlxx_hal_dma_ex.c **** }
 461              		.loc 1 301 1 is_stmt 0 view .LVU157
 462 0058 10BD     		pop	{r4, pc}
 463              		.loc 1 301 1 view .LVU158
 464              		.cfi_endproc
 465              	.LFE848:
 467              		.text
 468              	.Letext0:
 469              		.file 2 "/usr/share/arm-gnu-toolchain-13.3.rel1-x86_64-arm-none-eabi/arm-none-eabi/include/machine
 470              		.file 3 "/usr/share/arm-gnu-toolchain-13.3.rel1-x86_64-arm-none-eabi/arm-none-eabi/include/sys/_st
 471              		.file 4 "external/drivers/cmsis/include/stm32wle5xx.h"
 472              		.file 5 "external/drivers/cmsis/include/stm32wlxx.h"
 473              		.file 6 "external/drivers/stm32wlxx/include/stm32wlxx_hal_def.h"
ARM GAS  /tmp/cc63vqz5.s 			page 15


 474              		.file 7 "external/drivers/stm32wlxx/include/stm32wlxx_hal_dma.h"
 475              		.file 8 "external/drivers/stm32wlxx/include/stm32wlxx_hal_dma_ex.h"
 476              		.file 9 "external/drivers/stm32wlxx/include/stm32wlxx_ll_dma.h"
ARM GAS  /tmp/cc63vqz5.s 			page 16


DEFINED SYMBOLS
                            *ABS*:00000000 stm32wlxx_hal_dma_ex.c
     /tmp/cc63vqz5.s:19     .text.HAL_DMAEx_ConfigMuxSync:00000000 $t
     /tmp/cc63vqz5.s:25     .text.HAL_DMAEx_ConfigMuxSync:00000000 HAL_DMAEx_ConfigMuxSync
     /tmp/cc63vqz5.s:118    .text.HAL_DMAEx_ConfigMuxRequestGenerator:00000000 $t
     /tmp/cc63vqz5.s:124    .text.HAL_DMAEx_ConfigMuxRequestGenerator:00000000 HAL_DMAEx_ConfigMuxRequestGenerator
     /tmp/cc63vqz5.s:249    .text.HAL_DMAEx_EnableMuxRequestGenerator:00000000 $t
     /tmp/cc63vqz5.s:255    .text.HAL_DMAEx_EnableMuxRequestGenerator:00000000 HAL_DMAEx_EnableMuxRequestGenerator
     /tmp/cc63vqz5.s:303    .text.HAL_DMAEx_DisableMuxRequestGenerator:00000000 $t
     /tmp/cc63vqz5.s:309    .text.HAL_DMAEx_DisableMuxRequestGenerator:00000000 HAL_DMAEx_DisableMuxRequestGenerator
     /tmp/cc63vqz5.s:357    .text.HAL_DMAEx_MUX_IRQHandler:00000000 $t
     /tmp/cc63vqz5.s:363    .text.HAL_DMAEx_MUX_IRQHandler:00000000 HAL_DMAEx_MUX_IRQHandler

NO UNDEFINED SYMBOLS
