ARM GAS  /tmp/ccGSwfy6.s 			page 1


   1              		.cpu cortex-m4
   2              		.arch armv7e-m
   3              		.fpu softvfp
   4              		.eabi_attribute 20, 1
   5              		.eabi_attribute 21, 1
   6              		.eabi_attribute 23, 3
   7              		.eabi_attribute 24, 1
   8              		.eabi_attribute 25, 1
   9              		.eabi_attribute 26, 1
  10              		.eabi_attribute 30, 1
  11              		.eabi_attribute 34, 1
  12              		.eabi_attribute 18, 4
  13              		.file	"stm32wlxx_it.c"
  14              		.text
  15              	.Ltext0:
  16              		.cfi_sections	.debug_frame
  17              		.file 1 "src/system/stm32wlxx_it.c"
  18              		.section	.text.NMI_Handler,"ax",%progbits
  19              		.align	1
  20              		.global	NMI_Handler
  21              		.syntax unified
  22              		.thumb
  23              		.thumb_func
  25              	NMI_Handler:
  26              	.LFB844:
   1:src/system/stm32wlxx_it.c **** /* USER CODE BEGIN Header */
   2:src/system/stm32wlxx_it.c **** /**
   3:src/system/stm32wlxx_it.c ****   ******************************************************************************
   4:src/system/stm32wlxx_it.c ****   * @file    stm32wlxx_it.c
   5:src/system/stm32wlxx_it.c ****   * @brief   Interrupt Service Routines.
   6:src/system/stm32wlxx_it.c ****   ******************************************************************************
   7:src/system/stm32wlxx_it.c ****   * @attention
   8:src/system/stm32wlxx_it.c ****   *
   9:src/system/stm32wlxx_it.c ****   * Copyright (c) 2026 STMicroelectronics.
  10:src/system/stm32wlxx_it.c ****   * All rights reserved.
  11:src/system/stm32wlxx_it.c ****   *
  12:src/system/stm32wlxx_it.c ****   * This software is licensed under terms that can be found in the LICENSE file
  13:src/system/stm32wlxx_it.c ****   * in the root directory of this software component.
  14:src/system/stm32wlxx_it.c ****   * If no LICENSE file comes with this software, it is provided AS-IS.
  15:src/system/stm32wlxx_it.c ****   *
  16:src/system/stm32wlxx_it.c ****   ******************************************************************************
  17:src/system/stm32wlxx_it.c ****   */
  18:src/system/stm32wlxx_it.c **** /* USER CODE END Header */
  19:src/system/stm32wlxx_it.c **** 
  20:src/system/stm32wlxx_it.c **** /* Includes ------------------------------------------------------------------*/
  21:src/system/stm32wlxx_it.c **** #include "init.h"
  22:src/system/stm32wlxx_it.c **** #include "stm32wlxx_it.h"
  23:src/system/stm32wlxx_it.c **** /* Private includes ----------------------------------------------------------*/
  24:src/system/stm32wlxx_it.c **** /* USER CODE BEGIN Includes */
  25:src/system/stm32wlxx_it.c **** /* USER CODE END Includes */
  26:src/system/stm32wlxx_it.c **** 
  27:src/system/stm32wlxx_it.c **** /* Private typedef -----------------------------------------------------------*/
  28:src/system/stm32wlxx_it.c **** /* USER CODE BEGIN TD */
  29:src/system/stm32wlxx_it.c **** 
  30:src/system/stm32wlxx_it.c **** /* USER CODE END TD */
  31:src/system/stm32wlxx_it.c **** 
  32:src/system/stm32wlxx_it.c **** /* Private define ------------------------------------------------------------*/
ARM GAS  /tmp/ccGSwfy6.s 			page 2


  33:src/system/stm32wlxx_it.c **** /* USER CODE BEGIN PD */
  34:src/system/stm32wlxx_it.c **** 
  35:src/system/stm32wlxx_it.c **** /* USER CODE END PD */
  36:src/system/stm32wlxx_it.c **** 
  37:src/system/stm32wlxx_it.c **** /* Private macro -------------------------------------------------------------*/
  38:src/system/stm32wlxx_it.c **** /* USER CODE BEGIN PM */
  39:src/system/stm32wlxx_it.c **** 
  40:src/system/stm32wlxx_it.c **** /* USER CODE END PM */
  41:src/system/stm32wlxx_it.c **** 
  42:src/system/stm32wlxx_it.c **** /* Private variables ---------------------------------------------------------*/
  43:src/system/stm32wlxx_it.c **** /* USER CODE BEGIN PV */
  44:src/system/stm32wlxx_it.c **** 
  45:src/system/stm32wlxx_it.c **** /* USER CODE END PV */
  46:src/system/stm32wlxx_it.c **** 
  47:src/system/stm32wlxx_it.c **** /* Private function prototypes -----------------------------------------------*/
  48:src/system/stm32wlxx_it.c **** /* USER CODE BEGIN PFP */
  49:src/system/stm32wlxx_it.c **** 
  50:src/system/stm32wlxx_it.c **** /* USER CODE END PFP */
  51:src/system/stm32wlxx_it.c **** 
  52:src/system/stm32wlxx_it.c **** /* Private user code ---------------------------------------------------------*/
  53:src/system/stm32wlxx_it.c **** /* USER CODE BEGIN 0 */
  54:src/system/stm32wlxx_it.c **** 
  55:src/system/stm32wlxx_it.c **** /* USER CODE END 0 */
  56:src/system/stm32wlxx_it.c **** 
  57:src/system/stm32wlxx_it.c **** /* External variables --------------------------------------------------------*/
  58:src/system/stm32wlxx_it.c **** 
  59:src/system/stm32wlxx_it.c **** /* USER CODE BEGIN EV */
  60:src/system/stm32wlxx_it.c **** 
  61:src/system/stm32wlxx_it.c **** /* USER CODE END EV */
  62:src/system/stm32wlxx_it.c **** 
  63:src/system/stm32wlxx_it.c **** /******************************************************************************/
  64:src/system/stm32wlxx_it.c **** /*           Cortex Processor Interruption and Exception Handlers          */
  65:src/system/stm32wlxx_it.c **** /******************************************************************************/
  66:src/system/stm32wlxx_it.c **** /**
  67:src/system/stm32wlxx_it.c ****   * @brief This function handles Non maskable interrupt.
  68:src/system/stm32wlxx_it.c ****   */
  69:src/system/stm32wlxx_it.c **** void NMI_Handler(void)
  70:src/system/stm32wlxx_it.c **** {
  27              		.loc 1 70 1 view -0
  28              		.cfi_startproc
  29              		@ Volatile: function does not return.
  30              		@ args = 0, pretend = 0, frame = 0
  31              		@ frame_needed = 0, uses_anonymous_args = 0
  32              		@ link register save eliminated.
  33              	.L2:
  71:src/system/stm32wlxx_it.c ****   /* USER CODE BEGIN NonMaskableInt_IRQn 0 */
  72:src/system/stm32wlxx_it.c **** 
  73:src/system/stm32wlxx_it.c ****   /* USER CODE END NonMaskableInt_IRQn 0 */
  74:src/system/stm32wlxx_it.c ****   /* USER CODE BEGIN NonMaskableInt_IRQn 1 */
  75:src/system/stm32wlxx_it.c ****    while (1)
  34              		.loc 1 75 4 view .LVU1
  76:src/system/stm32wlxx_it.c ****   {
  77:src/system/stm32wlxx_it.c ****   }
  35              		.loc 1 77 3 view .LVU2
  75:src/system/stm32wlxx_it.c ****   {
  36              		.loc 1 75 10 view .LVU3
  37 0000 FEE7     		b	.L2
ARM GAS  /tmp/ccGSwfy6.s 			page 3


  38              		.cfi_endproc
  39              	.LFE844:
  41              		.section	.text.HardFault_Handler,"ax",%progbits
  42              		.align	1
  43              		.global	HardFault_Handler
  44              		.syntax unified
  45              		.thumb
  46              		.thumb_func
  48              	HardFault_Handler:
  49              	.LFB845:
  78:src/system/stm32wlxx_it.c ****   /* USER CODE END NonMaskableInt_IRQn 1 */
  79:src/system/stm32wlxx_it.c **** }
  80:src/system/stm32wlxx_it.c **** 
  81:src/system/stm32wlxx_it.c **** /**
  82:src/system/stm32wlxx_it.c ****   * @brief This function handles Hard fault interrupt.
  83:src/system/stm32wlxx_it.c ****   */
  84:src/system/stm32wlxx_it.c **** void HardFault_Handler(void)
  85:src/system/stm32wlxx_it.c **** {
  50              		.loc 1 85 1 view -0
  51              		.cfi_startproc
  52              		@ Volatile: function does not return.
  53              		@ args = 0, pretend = 0, frame = 0
  54              		@ frame_needed = 0, uses_anonymous_args = 0
  55              		@ link register save eliminated.
  56              	.L4:
  86:src/system/stm32wlxx_it.c ****   /* USER CODE BEGIN HardFault_IRQn 0 */
  87:src/system/stm32wlxx_it.c **** 
  88:src/system/stm32wlxx_it.c ****   /* USER CODE END HardFault_IRQn 0 */
  89:src/system/stm32wlxx_it.c ****   while (1)
  57              		.loc 1 89 3 view .LVU5
  90:src/system/stm32wlxx_it.c ****   {
  91:src/system/stm32wlxx_it.c ****     /* USER CODE BEGIN W1_HardFault_IRQn 0 */
  92:src/system/stm32wlxx_it.c ****     /* USER CODE END W1_HardFault_IRQn 0 */
  93:src/system/stm32wlxx_it.c ****   }
  58              		.loc 1 93 3 view .LVU6
  89:src/system/stm32wlxx_it.c ****   {
  59              		.loc 1 89 9 view .LVU7
  60 0000 FEE7     		b	.L4
  61              		.cfi_endproc
  62              	.LFE845:
  64              		.section	.text.MemManage_Handler,"ax",%progbits
  65              		.align	1
  66              		.global	MemManage_Handler
  67              		.syntax unified
  68              		.thumb
  69              		.thumb_func
  71              	MemManage_Handler:
  72              	.LFB846:
  94:src/system/stm32wlxx_it.c **** }
  95:src/system/stm32wlxx_it.c **** 
  96:src/system/stm32wlxx_it.c **** /**
  97:src/system/stm32wlxx_it.c ****   * @brief This function handles Memory management fault.
  98:src/system/stm32wlxx_it.c ****   */
  99:src/system/stm32wlxx_it.c **** void MemManage_Handler(void)
 100:src/system/stm32wlxx_it.c **** {
  73              		.loc 1 100 1 view -0
  74              		.cfi_startproc
ARM GAS  /tmp/ccGSwfy6.s 			page 4


  75              		@ Volatile: function does not return.
  76              		@ args = 0, pretend = 0, frame = 0
  77              		@ frame_needed = 0, uses_anonymous_args = 0
  78              		@ link register save eliminated.
  79              	.L6:
 101:src/system/stm32wlxx_it.c ****   /* USER CODE BEGIN MemoryManagement_IRQn 0 */
 102:src/system/stm32wlxx_it.c **** 
 103:src/system/stm32wlxx_it.c ****   /* USER CODE END MemoryManagement_IRQn 0 */
 104:src/system/stm32wlxx_it.c ****   while (1)
  80              		.loc 1 104 3 view .LVU9
 105:src/system/stm32wlxx_it.c ****   {
 106:src/system/stm32wlxx_it.c ****     /* USER CODE BEGIN W1_MemoryManagement_IRQn 0 */
 107:src/system/stm32wlxx_it.c ****     /* USER CODE END W1_MemoryManagement_IRQn 0 */
 108:src/system/stm32wlxx_it.c ****   }
  81              		.loc 1 108 3 view .LVU10
 104:src/system/stm32wlxx_it.c ****   {
  82              		.loc 1 104 9 view .LVU11
  83 0000 FEE7     		b	.L6
  84              		.cfi_endproc
  85              	.LFE846:
  87              		.section	.text.BusFault_Handler,"ax",%progbits
  88              		.align	1
  89              		.global	BusFault_Handler
  90              		.syntax unified
  91              		.thumb
  92              		.thumb_func
  94              	BusFault_Handler:
  95              	.LFB847:
 109:src/system/stm32wlxx_it.c **** }
 110:src/system/stm32wlxx_it.c **** 
 111:src/system/stm32wlxx_it.c **** /**
 112:src/system/stm32wlxx_it.c ****   * @brief This function handles Prefetch fault, memory access fault.
 113:src/system/stm32wlxx_it.c ****   */
 114:src/system/stm32wlxx_it.c **** void BusFault_Handler(void)
 115:src/system/stm32wlxx_it.c **** {
  96              		.loc 1 115 1 view -0
  97              		.cfi_startproc
  98              		@ Volatile: function does not return.
  99              		@ args = 0, pretend = 0, frame = 0
 100              		@ frame_needed = 0, uses_anonymous_args = 0
 101              		@ link register save eliminated.
 102              	.L8:
 116:src/system/stm32wlxx_it.c ****   /* USER CODE BEGIN BusFault_IRQn 0 */
 117:src/system/stm32wlxx_it.c **** 
 118:src/system/stm32wlxx_it.c ****   /* USER CODE END BusFault_IRQn 0 */
 119:src/system/stm32wlxx_it.c ****   while (1)
 103              		.loc 1 119 3 view .LVU13
 120:src/system/stm32wlxx_it.c ****   {
 121:src/system/stm32wlxx_it.c ****     /* USER CODE BEGIN W1_BusFault_IRQn 0 */
 122:src/system/stm32wlxx_it.c ****     /* USER CODE END W1_BusFault_IRQn 0 */
 123:src/system/stm32wlxx_it.c ****   }
 104              		.loc 1 123 3 view .LVU14
 119:src/system/stm32wlxx_it.c ****   {
 105              		.loc 1 119 9 view .LVU15
 106 0000 FEE7     		b	.L8
 107              		.cfi_endproc
 108              	.LFE847:
ARM GAS  /tmp/ccGSwfy6.s 			page 5


 110              		.section	.text.UsageFault_Handler,"ax",%progbits
 111              		.align	1
 112              		.global	UsageFault_Handler
 113              		.syntax unified
 114              		.thumb
 115              		.thumb_func
 117              	UsageFault_Handler:
 118              	.LFB848:
 124:src/system/stm32wlxx_it.c **** }
 125:src/system/stm32wlxx_it.c **** 
 126:src/system/stm32wlxx_it.c **** /**
 127:src/system/stm32wlxx_it.c ****   * @brief This function handles Undefined instruction or illegal state.
 128:src/system/stm32wlxx_it.c ****   */
 129:src/system/stm32wlxx_it.c **** void UsageFault_Handler(void)
 130:src/system/stm32wlxx_it.c **** {
 119              		.loc 1 130 1 view -0
 120              		.cfi_startproc
 121              		@ Volatile: function does not return.
 122              		@ args = 0, pretend = 0, frame = 0
 123              		@ frame_needed = 0, uses_anonymous_args = 0
 124              		@ link register save eliminated.
 125              	.L10:
 131:src/system/stm32wlxx_it.c ****   /* USER CODE BEGIN UsageFault_IRQn 0 */
 132:src/system/stm32wlxx_it.c **** 
 133:src/system/stm32wlxx_it.c ****   /* USER CODE END UsageFault_IRQn 0 */
 134:src/system/stm32wlxx_it.c ****   while (1)
 126              		.loc 1 134 3 view .LVU17
 135:src/system/stm32wlxx_it.c ****   {
 136:src/system/stm32wlxx_it.c ****     /* USER CODE BEGIN W1_UsageFault_IRQn 0 */
 137:src/system/stm32wlxx_it.c ****     /* USER CODE END W1_UsageFault_IRQn 0 */
 138:src/system/stm32wlxx_it.c ****   }
 127              		.loc 1 138 3 view .LVU18
 134:src/system/stm32wlxx_it.c ****   {
 128              		.loc 1 134 9 view .LVU19
 129 0000 FEE7     		b	.L10
 130              		.cfi_endproc
 131              	.LFE848:
 133              		.section	.text.SVC_Handler,"ax",%progbits
 134              		.align	1
 135              		.global	SVC_Handler
 136              		.syntax unified
 137              		.thumb
 138              		.thumb_func
 140              	SVC_Handler:
 141              	.LFB849:
 139:src/system/stm32wlxx_it.c **** }
 140:src/system/stm32wlxx_it.c **** 
 141:src/system/stm32wlxx_it.c **** /**
 142:src/system/stm32wlxx_it.c ****   * @brief This function handles System service call via SWI instruction.
 143:src/system/stm32wlxx_it.c ****   */
 144:src/system/stm32wlxx_it.c **** void SVC_Handler(void)
 145:src/system/stm32wlxx_it.c **** {
 142              		.loc 1 145 1 view -0
 143              		.cfi_startproc
 144              		@ args = 0, pretend = 0, frame = 0
 145              		@ frame_needed = 0, uses_anonymous_args = 0
 146              		@ link register save eliminated.
ARM GAS  /tmp/ccGSwfy6.s 			page 6


 146:src/system/stm32wlxx_it.c ****   /* USER CODE BEGIN SVCall_IRQn 0 */
 147:src/system/stm32wlxx_it.c **** 
 148:src/system/stm32wlxx_it.c ****   /* USER CODE END SVCall_IRQn 0 */
 149:src/system/stm32wlxx_it.c ****   /* USER CODE BEGIN SVCall_IRQn 1 */
 150:src/system/stm32wlxx_it.c **** 
 151:src/system/stm32wlxx_it.c ****   /* USER CODE END SVCall_IRQn 1 */
 152:src/system/stm32wlxx_it.c **** }
 147              		.loc 1 152 1 view .LVU21
 148 0000 7047     		bx	lr
 149              		.cfi_endproc
 150              	.LFE849:
 152              		.section	.text.DebugMon_Handler,"ax",%progbits
 153              		.align	1
 154              		.global	DebugMon_Handler
 155              		.syntax unified
 156              		.thumb
 157              		.thumb_func
 159              	DebugMon_Handler:
 160              	.LFB850:
 153:src/system/stm32wlxx_it.c **** 
 154:src/system/stm32wlxx_it.c **** /**
 155:src/system/stm32wlxx_it.c ****   * @brief This function handles Debug monitor.
 156:src/system/stm32wlxx_it.c ****   */
 157:src/system/stm32wlxx_it.c **** void DebugMon_Handler(void)
 158:src/system/stm32wlxx_it.c **** {
 161              		.loc 1 158 1 view -0
 162              		.cfi_startproc
 163              		@ args = 0, pretend = 0, frame = 0
 164              		@ frame_needed = 0, uses_anonymous_args = 0
 165              		@ link register save eliminated.
 159:src/system/stm32wlxx_it.c ****   /* USER CODE BEGIN DebugMonitor_IRQn 0 */
 160:src/system/stm32wlxx_it.c **** 
 161:src/system/stm32wlxx_it.c ****   /* USER CODE END DebugMonitor_IRQn 0 */
 162:src/system/stm32wlxx_it.c ****   /* USER CODE BEGIN DebugMonitor_IRQn 1 */
 163:src/system/stm32wlxx_it.c **** 
 164:src/system/stm32wlxx_it.c ****   /* USER CODE END DebugMonitor_IRQn 1 */
 165:src/system/stm32wlxx_it.c **** }
 166              		.loc 1 165 1 view .LVU23
 167 0000 7047     		bx	lr
 168              		.cfi_endproc
 169              	.LFE850:
 171              		.section	.text.PendSV_Handler,"ax",%progbits
 172              		.align	1
 173              		.global	PendSV_Handler
 174              		.syntax unified
 175              		.thumb
 176              		.thumb_func
 178              	PendSV_Handler:
 179              	.LFB851:
 166:src/system/stm32wlxx_it.c **** 
 167:src/system/stm32wlxx_it.c **** /**
 168:src/system/stm32wlxx_it.c ****   * @brief This function handles Pendable request for system service.
 169:src/system/stm32wlxx_it.c ****   */
 170:src/system/stm32wlxx_it.c **** void PendSV_Handler(void)
 171:src/system/stm32wlxx_it.c **** {
 180              		.loc 1 171 1 view -0
 181              		.cfi_startproc
ARM GAS  /tmp/ccGSwfy6.s 			page 7


 182              		@ args = 0, pretend = 0, frame = 0
 183              		@ frame_needed = 0, uses_anonymous_args = 0
 184              		@ link register save eliminated.
 172:src/system/stm32wlxx_it.c ****   /* USER CODE BEGIN PendSV_IRQn 0 */
 173:src/system/stm32wlxx_it.c **** 
 174:src/system/stm32wlxx_it.c ****   /* USER CODE END PendSV_IRQn 0 */
 175:src/system/stm32wlxx_it.c ****   /* USER CODE BEGIN PendSV_IRQn 1 */
 176:src/system/stm32wlxx_it.c **** 
 177:src/system/stm32wlxx_it.c ****   /* USER CODE END PendSV_IRQn 1 */
 178:src/system/stm32wlxx_it.c **** }
 185              		.loc 1 178 1 view .LVU25
 186 0000 7047     		bx	lr
 187              		.cfi_endproc
 188              	.LFE851:
 190              		.section	.text.SysTick_Handler,"ax",%progbits
 191              		.align	1
 192              		.global	SysTick_Handler
 193              		.syntax unified
 194              		.thumb
 195              		.thumb_func
 197              	SysTick_Handler:
 198              	.LFB852:
 179:src/system/stm32wlxx_it.c **** 
 180:src/system/stm32wlxx_it.c **** /**
 181:src/system/stm32wlxx_it.c ****   * @brief This function handles System tick timer.
 182:src/system/stm32wlxx_it.c ****   */
 183:src/system/stm32wlxx_it.c **** void SysTick_Handler(void)
 184:src/system/stm32wlxx_it.c **** {
 199              		.loc 1 184 1 view -0
 200              		.cfi_startproc
 201              		@ args = 0, pretend = 0, frame = 0
 202              		@ frame_needed = 0, uses_anonymous_args = 0
 203 0000 08B5     		push	{r3, lr}
 204              	.LCFI0:
 205              		.cfi_def_cfa_offset 8
 206              		.cfi_offset 3, -8
 207              		.cfi_offset 14, -4
 185:src/system/stm32wlxx_it.c ****   /* USER CODE BEGIN SysTick_IRQn 0 */
 186:src/system/stm32wlxx_it.c **** 
 187:src/system/stm32wlxx_it.c ****   /* USER CODE END SysTick_IRQn 0 */
 188:src/system/stm32wlxx_it.c ****   HAL_IncTick();
 208              		.loc 1 188 3 view .LVU27
 209 0002 FFF7FEFF 		bl	HAL_IncTick
 210              	.LVL0:
 189:src/system/stm32wlxx_it.c ****   /* USER CODE BEGIN SysTick_IRQn 1 */
 190:src/system/stm32wlxx_it.c **** 
 191:src/system/stm32wlxx_it.c ****   /* USER CODE END SysTick_IRQn 1 */
 192:src/system/stm32wlxx_it.c **** }
 211              		.loc 1 192 1 is_stmt 0 view .LVU28
 212 0006 08BD     		pop	{r3, pc}
 213              		.cfi_endproc
 214              	.LFE852:
 216              		.text
 217              	.Letext0:
 218              		.file 2 "/usr/share/arm-gnu-toolchain-13.3.rel1-x86_64-arm-none-eabi/arm-none-eabi/include/machine
 219              		.file 3 "/usr/share/arm-gnu-toolchain-13.3.rel1-x86_64-arm-none-eabi/arm-none-eabi/include/sys/_st
 220              		.file 4 "external/drivers/stm32wlxx/include/stm32wlxx_ll_dma.h"
ARM GAS  /tmp/ccGSwfy6.s 			page 8


 221              		.file 5 "external/drivers/stm32wlxx/include/stm32wlxx_hal.h"
ARM GAS  /tmp/ccGSwfy6.s 			page 9


DEFINED SYMBOLS
                            *ABS*:00000000 stm32wlxx_it.c
     /tmp/ccGSwfy6.s:19     .text.NMI_Handler:00000000 $t
     /tmp/ccGSwfy6.s:25     .text.NMI_Handler:00000000 NMI_Handler
     /tmp/ccGSwfy6.s:42     .text.HardFault_Handler:00000000 $t
     /tmp/ccGSwfy6.s:48     .text.HardFault_Handler:00000000 HardFault_Handler
     /tmp/ccGSwfy6.s:65     .text.MemManage_Handler:00000000 $t
     /tmp/ccGSwfy6.s:71     .text.MemManage_Handler:00000000 MemManage_Handler
     /tmp/ccGSwfy6.s:88     .text.BusFault_Handler:00000000 $t
     /tmp/ccGSwfy6.s:94     .text.BusFault_Handler:00000000 BusFault_Handler
     /tmp/ccGSwfy6.s:111    .text.UsageFault_Handler:00000000 $t
     /tmp/ccGSwfy6.s:117    .text.UsageFault_Handler:00000000 UsageFault_Handler
     /tmp/ccGSwfy6.s:134    .text.SVC_Handler:00000000 $t
     /tmp/ccGSwfy6.s:140    .text.SVC_Handler:00000000 SVC_Handler
     /tmp/ccGSwfy6.s:153    .text.DebugMon_Handler:00000000 $t
     /tmp/ccGSwfy6.s:159    .text.DebugMon_Handler:00000000 DebugMon_Handler
     /tmp/ccGSwfy6.s:172    .text.PendSV_Handler:00000000 $t
     /tmp/ccGSwfy6.s:178    .text.PendSV_Handler:00000000 PendSV_Handler
     /tmp/ccGSwfy6.s:191    .text.SysTick_Handler:00000000 $t
     /tmp/ccGSwfy6.s:197    .text.SysTick_Handler:00000000 SysTick_Handler

UNDEFINED SYMBOLS
HAL_IncTick
