ARM GAS  /tmp/cc0L1hWJ.s 			page 1


   1              		.cpu cortex-m4
   2              		.arch armv7e-m
   3              		.fpu softvfp
   4              		.eabi_attribute 20, 1
   5              		.eabi_attribute 21, 1
   6              		.eabi_attribute 23, 3
   7              		.eabi_attribute 24, 1
   8              		.eabi_attribute 25, 1
   9              		.eabi_attribute 26, 1
  10              		.eabi_attribute 30, 1
  11              		.eabi_attribute 34, 1
  12              		.eabi_attribute 18, 4
  13              		.file	"system_stm32wlxx.c"
  14              		.text
  15              	.Ltext0:
  16              		.cfi_sections	.debug_frame
  17              		.file 1 "src/system/system_stm32wlxx.c"
  18              		.section	.text.SystemInit,"ax",%progbits
  19              		.align	1
  20              		.global	SystemInit
  21              		.syntax unified
  22              		.thumb
  23              		.thumb_func
  25              	SystemInit:
  26              	.LFB844:
   1:src/system/system_stm32wlxx.c **** /**
   2:src/system/system_stm32wlxx.c ****   ******************************************************************************
   3:src/system/system_stm32wlxx.c ****   * @file    system_stm32wlxx.c
   4:src/system/system_stm32wlxx.c ****   * @author  MCD Application Team
   5:src/system/system_stm32wlxx.c ****   * @brief   CMSIS Cortex Device Peripheral Access Layer System Source File
   6:src/system/system_stm32wlxx.c ****   *
   7:src/system/system_stm32wlxx.c ****   ******************************************************************************
   8:src/system/system_stm32wlxx.c ****   * @attention
   9:src/system/system_stm32wlxx.c ****   *
  10:src/system/system_stm32wlxx.c ****   * Copyright (c) 2020-2021 STMicroelectronics.
  11:src/system/system_stm32wlxx.c ****   * All rights reserved.
  12:src/system/system_stm32wlxx.c ****   *
  13:src/system/system_stm32wlxx.c ****   * This software is licensed under terms that can be found in the LICENSE file
  14:src/system/system_stm32wlxx.c ****   * in the root directory of this software component.
  15:src/system/system_stm32wlxx.c ****   * If no LICENSE file comes with this software, it is provided AS-IS.
  16:src/system/system_stm32wlxx.c ****   *
  17:src/system/system_stm32wlxx.c ****   ******************************************************************************
  18:src/system/system_stm32wlxx.c ****   *   This file provides two functions and one global variable to be called from
  19:src/system/system_stm32wlxx.c ****   *   user application:
  20:src/system/system_stm32wlxx.c ****   *      - SystemInit(): This function is called at startup just after reset and
  21:src/system/system_stm32wlxx.c ****   *                      before branch to main program. This call is made inside
  22:src/system/system_stm32wlxx.c ****   *                      the "startup_stm32wlxx.s" file.
  23:src/system/system_stm32wlxx.c ****   *
  24:src/system/system_stm32wlxx.c ****   *      - SystemCoreClock variable: Contains the core clock (HCLK), it can be used
  25:src/system/system_stm32wlxx.c ****   *                                  by the user application to setup the SysTick
  26:src/system/system_stm32wlxx.c ****   *                                  timer or configure other parameters.
  27:src/system/system_stm32wlxx.c ****   *
  28:src/system/system_stm32wlxx.c ****   *      - SystemCoreClockUpdate(): Updates the variable SystemCoreClock and must
  29:src/system/system_stm32wlxx.c ****   *                                 be called whenever the core clock is changed
  30:src/system/system_stm32wlxx.c ****   *                                 during program execution.
  31:src/system/system_stm32wlxx.c ****   *
  32:src/system/system_stm32wlxx.c ****   *   After each device reset the MSI (4 MHz) is used as system clock source.
ARM GAS  /tmp/cc0L1hWJ.s 			page 2


  33:src/system/system_stm32wlxx.c ****   *   Then SystemInit() function is called, in "startup_stm32wlxx.s" file, to
  34:src/system/system_stm32wlxx.c ****   *   configure the system clock before to branch to main program.
  35:src/system/system_stm32wlxx.c ****   *
  36:src/system/system_stm32wlxx.c ****   *   This file configures the system clock as follows:
  37:src/system/system_stm32wlxx.c ****   *=============================================================================
  38:src/system/system_stm32wlxx.c ****   *-----------------------------------------------------------------------------
  39:src/system/system_stm32wlxx.c ****   *        System Clock source                    | MSI
  40:src/system/system_stm32wlxx.c ****   *-----------------------------------------------------------------------------
  41:src/system/system_stm32wlxx.c ****   *        SYSCLK(Hz)                             | 4000000
  42:src/system/system_stm32wlxx.c ****   *-----------------------------------------------------------------------------
  43:src/system/system_stm32wlxx.c ****   *        HCLK(Hz)                               | 4000000
  44:src/system/system_stm32wlxx.c ****   *-----------------------------------------------------------------------------
  45:src/system/system_stm32wlxx.c ****   *        AHB Prescaler                          | 1
  46:src/system/system_stm32wlxx.c ****   *-----------------------------------------------------------------------------
  47:src/system/system_stm32wlxx.c ****   *        APB1 Prescaler                         | 1
  48:src/system/system_stm32wlxx.c ****   *-----------------------------------------------------------------------------
  49:src/system/system_stm32wlxx.c ****   *        APB2 Prescaler                         | 1
  50:src/system/system_stm32wlxx.c ****   *-----------------------------------------------------------------------------
  51:src/system/system_stm32wlxx.c ****   *        PLL_M                                  | 1
  52:src/system/system_stm32wlxx.c ****   *-----------------------------------------------------------------------------
  53:src/system/system_stm32wlxx.c ****   *        PLL_N                                  | 8
  54:src/system/system_stm32wlxx.c ****   *-----------------------------------------------------------------------------
  55:src/system/system_stm32wlxx.c ****   *        PLL_P                                  | 7
  56:src/system/system_stm32wlxx.c ****   *-----------------------------------------------------------------------------
  57:src/system/system_stm32wlxx.c ****   *        PLL_Q                                  | 2
  58:src/system/system_stm32wlxx.c ****   *-----------------------------------------------------------------------------
  59:src/system/system_stm32wlxx.c ****   *        PLL_R                                  | 2
  60:src/system/system_stm32wlxx.c ****   *-----------------------------------------------------------------------------
  61:src/system/system_stm32wlxx.c ****   *        PLLSAI1_P                              | NA
  62:src/system/system_stm32wlxx.c ****   *-----------------------------------------------------------------------------
  63:src/system/system_stm32wlxx.c ****   *        PLLSAI1_Q                              | NA
  64:src/system/system_stm32wlxx.c ****   *-----------------------------------------------------------------------------
  65:src/system/system_stm32wlxx.c ****   *        PLLSAI1_R                              | NA
  66:src/system/system_stm32wlxx.c ****   *-----------------------------------------------------------------------------
  67:src/system/system_stm32wlxx.c ****   *        Require 48MHz for USB OTG FS,          | Disabled
  68:src/system/system_stm32wlxx.c ****   *        SDIO and RNG clock                     |
  69:src/system/system_stm32wlxx.c ****   *-----------------------------------------------------------------------------
  70:src/system/system_stm32wlxx.c ****   *=============================================================================
  71:src/system/system_stm32wlxx.c ****   */
  72:src/system/system_stm32wlxx.c **** 
  73:src/system/system_stm32wlxx.c **** /** @addtogroup CMSIS
  74:src/system/system_stm32wlxx.c ****   * @{
  75:src/system/system_stm32wlxx.c ****   */
  76:src/system/system_stm32wlxx.c **** 
  77:src/system/system_stm32wlxx.c **** /** @addtogroup stm32WLxx_system
  78:src/system/system_stm32wlxx.c ****   * @{
  79:src/system/system_stm32wlxx.c ****   */
  80:src/system/system_stm32wlxx.c **** 
  81:src/system/system_stm32wlxx.c **** /** @addtogroup stm32WLxx_System_Private_Includes
  82:src/system/system_stm32wlxx.c ****   * @{
  83:src/system/system_stm32wlxx.c ****   */
  84:src/system/system_stm32wlxx.c **** 
  85:src/system/system_stm32wlxx.c **** #include "stm32wlxx.h"
  86:src/system/system_stm32wlxx.c **** 
  87:src/system/system_stm32wlxx.c **** #if !defined  (HSE_VALUE)
  88:src/system/system_stm32wlxx.c ****   #define HSE_VALUE    (32000000UL) /*!< Value of the External oscillator in Hz */
  89:src/system/system_stm32wlxx.c **** #endif /* HSE_VALUE */
ARM GAS  /tmp/cc0L1hWJ.s 			page 3


  90:src/system/system_stm32wlxx.c **** 
  91:src/system/system_stm32wlxx.c **** #if !defined  (MSI_VALUE)
  92:src/system/system_stm32wlxx.c ****    #define MSI_VALUE    (4000000UL) /*!< Value of the Internal oscillator in Hz*/
  93:src/system/system_stm32wlxx.c **** #endif /* MSI_VALUE */
  94:src/system/system_stm32wlxx.c **** 
  95:src/system/system_stm32wlxx.c **** #if !defined  (HSI_VALUE)
  96:src/system/system_stm32wlxx.c ****   #define HSI_VALUE    (16000000UL) /*!< Value of the Internal oscillator in Hz*/
  97:src/system/system_stm32wlxx.c **** #endif /* HSI_VALUE */
  98:src/system/system_stm32wlxx.c **** 
  99:src/system/system_stm32wlxx.c **** #if !defined  (LSI_VALUE)
 100:src/system/system_stm32wlxx.c ****  #define LSI_VALUE  (32000UL)       /*!< Value of LSI in Hz*/
 101:src/system/system_stm32wlxx.c **** #endif /* LSI_VALUE */
 102:src/system/system_stm32wlxx.c **** 
 103:src/system/system_stm32wlxx.c **** #if !defined  (LSE_VALUE)
 104:src/system/system_stm32wlxx.c ****   #define LSE_VALUE    (32768UL)    /*!< Value of LSE in Hz*/
 105:src/system/system_stm32wlxx.c **** #endif /* LSE_VALUE */
 106:src/system/system_stm32wlxx.c **** 
 107:src/system/system_stm32wlxx.c **** /**
 108:src/system/system_stm32wlxx.c ****   * @}
 109:src/system/system_stm32wlxx.c ****   */
 110:src/system/system_stm32wlxx.c **** 
 111:src/system/system_stm32wlxx.c **** /** @addtogroup STM32WLxx_System_Private_TypesDefinitions
 112:src/system/system_stm32wlxx.c ****   * @{
 113:src/system/system_stm32wlxx.c ****   */
 114:src/system/system_stm32wlxx.c **** 
 115:src/system/system_stm32wlxx.c **** /**
 116:src/system/system_stm32wlxx.c ****   * @}
 117:src/system/system_stm32wlxx.c ****   */
 118:src/system/system_stm32wlxx.c **** 
 119:src/system/system_stm32wlxx.c **** /** @addtogroup STM32WLxx_System_Private_Defines
 120:src/system/system_stm32wlxx.c ****   * @{
 121:src/system/system_stm32wlxx.c ****   */
 122:src/system/system_stm32wlxx.c **** 
 123:src/system/system_stm32wlxx.c **** /* Note: Following vector table addresses must be defined in line with linker
 124:src/system/system_stm32wlxx.c ****          configuration. */
 125:src/system/system_stm32wlxx.c **** /*!< Uncomment the following line if you need to relocate CPU1 CM4 and/or CPU2
 126:src/system/system_stm32wlxx.c ****      CM0+ vector table anywhere in Sram or Flash. Else vector table will be kept
 127:src/system/system_stm32wlxx.c ****      at address 0x00 which correspond to automatic remap of boot address selected */
 128:src/system/system_stm32wlxx.c **** /* #define USER_VECT_TAB_ADDRESS */
 129:src/system/system_stm32wlxx.c **** #if defined(USER_VECT_TAB_ADDRESS)
 130:src/system/system_stm32wlxx.c **** #ifdef CORE_CM0PLUS
 131:src/system/system_stm32wlxx.c ****  /*!< Uncomment this line for user vector table remap in Sram else user remap
 132:src/system/system_stm32wlxx.c ****       will be done in Flash. */
 133:src/system/system_stm32wlxx.c **** /* #define VECT_TAB_SRAM */
 134:src/system/system_stm32wlxx.c **** #if defined(VECT_TAB_SRAM)
 135:src/system/system_stm32wlxx.c **** #define VECT_TAB_BASE_ADDRESS   SRAM2_BASE      /*!< Vector Table base address field.
 136:src/system/system_stm32wlxx.c ****                                                      This value must be a multiple of 0x100. */
 137:src/system/system_stm32wlxx.c **** #if !defined(VECT_TAB_OFFSET)
 138:src/system/system_stm32wlxx.c **** #define VECT_TAB_OFFSET         0x00008000U     /*!< Vector Table base offset field.
 139:src/system/system_stm32wlxx.c ****                                                      This value must be a multiple of 0x100. */
 140:src/system/system_stm32wlxx.c **** #endif /* VECT_TAB_OFFSET */
 141:src/system/system_stm32wlxx.c **** 
 142:src/system/system_stm32wlxx.c **** #else
 143:src/system/system_stm32wlxx.c **** #define VECT_TAB_BASE_ADDRESS   FLASH_BASE      /*!< Vector Table base address field.
 144:src/system/system_stm32wlxx.c ****                                                      This value must be a multiple of 0x100. */
 145:src/system/system_stm32wlxx.c **** #if !defined(VECT_TAB_OFFSET)
 146:src/system/system_stm32wlxx.c **** #define VECT_TAB_OFFSET         0x00020000U     /*!< Vector Table base offset field.
ARM GAS  /tmp/cc0L1hWJ.s 			page 4


 147:src/system/system_stm32wlxx.c ****                                                      This value must be a multiple of 0x100. */
 148:src/system/system_stm32wlxx.c **** #endif /* VECT_TAB_OFFSET */
 149:src/system/system_stm32wlxx.c **** 
 150:src/system/system_stm32wlxx.c **** #endif
 151:src/system/system_stm32wlxx.c **** #else /* CORE_CM4 */
 152:src/system/system_stm32wlxx.c ****  /*!< Uncomment this line for user vector table remap in Sram else user remap
 153:src/system/system_stm32wlxx.c ****       will be done in Flash. */
 154:src/system/system_stm32wlxx.c **** /* #define VECT_TAB_SRAM */
 155:src/system/system_stm32wlxx.c **** #if defined(VECT_TAB_SRAM)
 156:src/system/system_stm32wlxx.c **** #define VECT_TAB_BASE_ADDRESS   SRAM1_BASE      /*!< Vector Table base address field.
 157:src/system/system_stm32wlxx.c ****                                                      This value must be a multiple of 0x200. */
 158:src/system/system_stm32wlxx.c **** #if !defined(VECT_TAB_OFFSET)
 159:src/system/system_stm32wlxx.c **** #define VECT_TAB_OFFSET         0x00000000U     /*!< Vector Table base offset field.
 160:src/system/system_stm32wlxx.c ****                                                      This value must be a multiple of 0x200. */
 161:src/system/system_stm32wlxx.c **** #endif /* VECT_TAB_OFFSET */
 162:src/system/system_stm32wlxx.c **** 
 163:src/system/system_stm32wlxx.c **** #else
 164:src/system/system_stm32wlxx.c **** #define VECT_TAB_BASE_ADDRESS   FLASH_BASE      /*!< Vector Table base address field.
 165:src/system/system_stm32wlxx.c ****                                                      This value must be a multiple of 0x200. */
 166:src/system/system_stm32wlxx.c **** #if !defined(VECT_TAB_OFFSET)
 167:src/system/system_stm32wlxx.c **** #define VECT_TAB_OFFSET         0x00000000U      /*!< Vector Table base offset field.
 168:src/system/system_stm32wlxx.c ****                                                       This value must be a multiple of 0x200. */
 169:src/system/system_stm32wlxx.c **** #endif /* VECT_TAB_OFFSET */
 170:src/system/system_stm32wlxx.c **** 
 171:src/system/system_stm32wlxx.c **** #endif
 172:src/system/system_stm32wlxx.c **** #endif
 173:src/system/system_stm32wlxx.c **** #endif
 174:src/system/system_stm32wlxx.c **** 
 175:src/system/system_stm32wlxx.c **** /**
 176:src/system/system_stm32wlxx.c ****   * @}
 177:src/system/system_stm32wlxx.c ****   */
 178:src/system/system_stm32wlxx.c **** 
 179:src/system/system_stm32wlxx.c **** /** @addtogroup STM32WLxx_System_Private_Macros
 180:src/system/system_stm32wlxx.c ****   * @{
 181:src/system/system_stm32wlxx.c ****   */
 182:src/system/system_stm32wlxx.c **** 
 183:src/system/system_stm32wlxx.c **** /**
 184:src/system/system_stm32wlxx.c ****   * @}
 185:src/system/system_stm32wlxx.c ****   */
 186:src/system/system_stm32wlxx.c **** 
 187:src/system/system_stm32wlxx.c **** /** @addtogroup STM32WLxx_System_Private_Variables
 188:src/system/system_stm32wlxx.c ****   * @{
 189:src/system/system_stm32wlxx.c ****   */
 190:src/system/system_stm32wlxx.c ****   /* The SystemCoreClock variable is updated in three ways:
 191:src/system/system_stm32wlxx.c ****       1) from within HAL_Init()
 192:src/system/system_stm32wlxx.c ****       2) by calling CMSIS function SystemCoreClockUpdate()
 193:src/system/system_stm32wlxx.c ****       3) each time HAL_RCC_ClockConfig() is called to configure the system clock frequency
 194:src/system/system_stm32wlxx.c ****   */
 195:src/system/system_stm32wlxx.c ****   uint32_t SystemCoreClock  = 4000000UL; /*CPU1: M4 on MSI clock after startup (4MHz)*/
 196:src/system/system_stm32wlxx.c **** 
 197:src/system/system_stm32wlxx.c ****   const uint32_t AHBPrescTable[16UL] = {1UL, 3UL, 5UL, 1UL, 1UL, 6UL, 10UL, 32UL, 2UL, 4UL, 8UL, 16
 198:src/system/system_stm32wlxx.c **** 
 199:src/system/system_stm32wlxx.c ****   const uint32_t APBPrescTable[8UL]  = {0UL, 0UL, 0UL, 0UL, 1UL, 2UL, 3UL, 4UL};
 200:src/system/system_stm32wlxx.c **** 
 201:src/system/system_stm32wlxx.c ****   const uint32_t MSIRangeTable[16UL] = {100000UL, 200000UL, 400000UL, 800000UL, 1000000UL, 2000000U
 202:src/system/system_stm32wlxx.c ****     4000000UL, 8000000UL, 16000000UL, 24000000UL, 32000000UL, 48000000UL, 0UL, 0UL, 0UL, 0UL}; /* 0
 203:src/system/system_stm32wlxx.c **** /**
ARM GAS  /tmp/cc0L1hWJ.s 			page 5


 204:src/system/system_stm32wlxx.c ****   * @}
 205:src/system/system_stm32wlxx.c ****   */
 206:src/system/system_stm32wlxx.c **** 
 207:src/system/system_stm32wlxx.c **** /** @addtogroup STM32WLxx_System_Private_FunctionPrototypes
 208:src/system/system_stm32wlxx.c ****   * @{
 209:src/system/system_stm32wlxx.c ****   */
 210:src/system/system_stm32wlxx.c **** /**
 211:src/system/system_stm32wlxx.c ****   * @}
 212:src/system/system_stm32wlxx.c ****   */
 213:src/system/system_stm32wlxx.c **** 
 214:src/system/system_stm32wlxx.c **** /** @addtogroup STM32WLxx_System_Private_Functions
 215:src/system/system_stm32wlxx.c ****   * @{
 216:src/system/system_stm32wlxx.c ****   */
 217:src/system/system_stm32wlxx.c **** 
 218:src/system/system_stm32wlxx.c **** /**
 219:src/system/system_stm32wlxx.c ****   * @brief  Setup the microcontroller system.
 220:src/system/system_stm32wlxx.c ****   * @param  None
 221:src/system/system_stm32wlxx.c ****   * @retval None
 222:src/system/system_stm32wlxx.c ****   */
 223:src/system/system_stm32wlxx.c **** void SystemInit(void)
 224:src/system/system_stm32wlxx.c **** {
  27              		.loc 1 224 1 view -0
  28              		.cfi_startproc
  29              		@ args = 0, pretend = 0, frame = 0
  30              		@ frame_needed = 0, uses_anonymous_args = 0
  31              		@ link register save eliminated.
 225:src/system/system_stm32wlxx.c **** #if defined(USER_VECT_TAB_ADDRESS)
 226:src/system/system_stm32wlxx.c ****   /* Configure the Vector Table location add offset address ------------------*/
 227:src/system/system_stm32wlxx.c ****   SCB->VTOR = VECT_TAB_BASE_ADDRESS | VECT_TAB_OFFSET;
 228:src/system/system_stm32wlxx.c **** #endif
 229:src/system/system_stm32wlxx.c **** 
 230:src/system/system_stm32wlxx.c ****   /* FPU settings ------------------------------------------------------------*/
 231:src/system/system_stm32wlxx.c **** #if (__FPU_PRESENT == 1) && (__FPU_USED == 1)
 232:src/system/system_stm32wlxx.c ****   SCB->CPACR |= ((3UL << (10UL*2UL))|(3UL << (11UL*2UL)));  /* set CP10 and CP11 Full Access */
 233:src/system/system_stm32wlxx.c **** #endif
 234:src/system/system_stm32wlxx.c **** }
  32              		.loc 1 234 1 view .LVU1
  33 0000 7047     		bx	lr
  34              		.cfi_endproc
  35              	.LFE844:
  37              		.section	.text.SystemCoreClockUpdate,"ax",%progbits
  38              		.align	1
  39              		.global	SystemCoreClockUpdate
  40              		.syntax unified
  41              		.thumb
  42              		.thumb_func
  44              	SystemCoreClockUpdate:
  45              	.LFB845:
 235:src/system/system_stm32wlxx.c **** 
 236:src/system/system_stm32wlxx.c **** /**
 237:src/system/system_stm32wlxx.c ****   * @brief  Update SystemCoreClock variable according to Clock Register Values.
 238:src/system/system_stm32wlxx.c ****   *         The SystemCoreClock variable contains the core clock (HCLK), it can
 239:src/system/system_stm32wlxx.c ****   *         be used by the user application to setup the SysTick timer or configure
 240:src/system/system_stm32wlxx.c ****   *         other parameters.
 241:src/system/system_stm32wlxx.c ****   *
 242:src/system/system_stm32wlxx.c ****   * @note   Each time the core clock (HCLK) changes, this function must be called
 243:src/system/system_stm32wlxx.c ****   *         to update SystemCoreClock variable value. Otherwise, any configuration
ARM GAS  /tmp/cc0L1hWJ.s 			page 6


 244:src/system/system_stm32wlxx.c ****   *         based on this variable will be incorrect.
 245:src/system/system_stm32wlxx.c ****   *
 246:src/system/system_stm32wlxx.c ****   * @note   - The system frequency computed by this function is not the real
 247:src/system/system_stm32wlxx.c ****   *           frequency in the chip. It is calculated based on the predefined
 248:src/system/system_stm32wlxx.c ****   *           constant and the selected clock source:
 249:src/system/system_stm32wlxx.c ****   *
 250:src/system/system_stm32wlxx.c ****   *           - If SYSCLK source is MSI, SystemCoreClock will contain the MSI_VALUE(*)
 251:src/system/system_stm32wlxx.c ****   *
 252:src/system/system_stm32wlxx.c ****   *           - If SYSCLK source is HSI, SystemCoreClock will contain the HSI_VALUE(**)
 253:src/system/system_stm32wlxx.c ****   *
 254:src/system/system_stm32wlxx.c ****   *           - If SYSCLK source is HSE, SystemCoreClock will contain the HSE_VALUE(***)
 255:src/system/system_stm32wlxx.c ****   *
 256:src/system/system_stm32wlxx.c ****   *           - If SYSCLK source is PLL, SystemCoreClock will contain the HSE_VALUE(***)
 257:src/system/system_stm32wlxx.c ****   *             or HSI_VALUE(*) or MSI_VALUE(*) multiplied/divided by the PLL factors.
 258:src/system/system_stm32wlxx.c ****   *
 259:src/system/system_stm32wlxx.c ****   *         (*) MSI_VALUE is a constant defined in stm32wlxx_hal.h file (default value
 260:src/system/system_stm32wlxx.c ****   *             4 MHz) but the real value may vary depending on the variations
 261:src/system/system_stm32wlxx.c ****   *             in voltage and temperature.
 262:src/system/system_stm32wlxx.c ****   *
 263:src/system/system_stm32wlxx.c ****   *         (**) HSI_VALUE is a constant defined in stm32wlxx_hal_conf.h file (default value
 264:src/system/system_stm32wlxx.c ****   *              16 MHz) but the real value may vary depending on the variations
 265:src/system/system_stm32wlxx.c ****   *              in voltage and temperature.
 266:src/system/system_stm32wlxx.c ****   *
 267:src/system/system_stm32wlxx.c ****   *         (***) HSE_VALUE is a constant defined in stm32wlxx_hal_conf.h file (default value
 268:src/system/system_stm32wlxx.c ****   *              32 MHz), user has to ensure that HSE_VALUE is same as the real
 269:src/system/system_stm32wlxx.c ****   *              frequency of the crystal used. Otherwise, this function may
 270:src/system/system_stm32wlxx.c ****   *              have wrong result.
 271:src/system/system_stm32wlxx.c ****   *
 272:src/system/system_stm32wlxx.c ****   *         - The result of this function could be not correct when using fractional
 273:src/system/system_stm32wlxx.c ****   *           value for HSE crystal.
 274:src/system/system_stm32wlxx.c ****   *
 275:src/system/system_stm32wlxx.c ****   * @param  None
 276:src/system/system_stm32wlxx.c ****   * @retval None
 277:src/system/system_stm32wlxx.c ****   */
 278:src/system/system_stm32wlxx.c **** void SystemCoreClockUpdate(void)
 279:src/system/system_stm32wlxx.c **** {
  46              		.loc 1 279 1 view -0
  47              		.cfi_startproc
  48              		@ args = 0, pretend = 0, frame = 0
  49              		@ frame_needed = 0, uses_anonymous_args = 0
  50              		@ link register save eliminated.
 280:src/system/system_stm32wlxx.c ****   uint32_t tmp, msirange, pllvco, pllr, pllsource , pllm;
  51              		.loc 1 280 3 view .LVU3
 281:src/system/system_stm32wlxx.c **** 
 282:src/system/system_stm32wlxx.c ****  /* Get MSI Range frequency--------------------------------------------------*/
 283:src/system/system_stm32wlxx.c **** 
 284:src/system/system_stm32wlxx.c ****    /* Get MSI Range frequency--------------------------------------------------*/
 285:src/system/system_stm32wlxx.c ****    if((RCC->CR & RCC_CR_MSIRGSEL) == 0U)
  52              		.loc 1 285 4 view .LVU4
  53              		.loc 1 285 11 is_stmt 0 view .LVU5
  54 0000 4FF0B043 		mov	r3, #1476395008
  55 0004 1B68     		ldr	r3, [r3]
  56              		.loc 1 285 6 view .LVU6
  57 0006 13F0080F 		tst	r3, #8
  58 000a 18D1     		bne	.L3
 286:src/system/system_stm32wlxx.c ****    { /* MSISRANGE from RCC_CSR applies */
 287:src/system/system_stm32wlxx.c ****      msirange = (RCC->CSR & RCC_CSR_MSISRANGE) >> 8U;
ARM GAS  /tmp/cc0L1hWJ.s 			page 7


  59              		.loc 1 287 6 is_stmt 1 view .LVU7
  60              		.loc 1 287 21 is_stmt 0 view .LVU8
  61 000c 4FF0B043 		mov	r3, #1476395008
  62 0010 D3F89430 		ldr	r3, [r3, #148]
  63              		.loc 1 287 15 view .LVU9
  64 0014 C3F30323 		ubfx	r3, r3, #8, #4
  65              	.LVL0:
  66              	.L4:
 288:src/system/system_stm32wlxx.c ****    }
 289:src/system/system_stm32wlxx.c ****    else
 290:src/system/system_stm32wlxx.c ****    { /* MSIRANGE from RCC_CR applies */
 291:src/system/system_stm32wlxx.c ****      msirange = (RCC->CR & RCC_CR_MSIRANGE) >> 4U;
 292:src/system/system_stm32wlxx.c ****    }
 293:src/system/system_stm32wlxx.c ****    /*MSI frequency range in HZ*/
 294:src/system/system_stm32wlxx.c ****    msirange = MSIRangeTable[msirange];
  67              		.loc 1 294 4 is_stmt 1 view .LVU10
  68              		.loc 1 294 13 is_stmt 0 view .LVU11
  69 0018 2C4A     		ldr	r2, .L17
  70 001a 52F82320 		ldr	r2, [r2, r3, lsl #2]
  71              	.LVL1:
 295:src/system/system_stm32wlxx.c **** 
 296:src/system/system_stm32wlxx.c **** 
 297:src/system/system_stm32wlxx.c ****   /*SystemCoreClock=HAL_RCC_GetSysClockFreq();*/
 298:src/system/system_stm32wlxx.c ****   /* Get SYSCLK source -------------------------------------------------------*/
 299:src/system/system_stm32wlxx.c ****   switch (RCC->CFGR & RCC_CFGR_SWS)
  72              		.loc 1 299 3 is_stmt 1 view .LVU12
  73              		.loc 1 299 14 is_stmt 0 view .LVU13
  74 001e 4FF0B043 		mov	r3, #1476395008
  75 0022 9B68     		ldr	r3, [r3, #8]
  76              		.loc 1 299 21 view .LVU14
  77 0024 03F00C03 		and	r3, r3, #12
  78              		.loc 1 299 3 view .LVU15
  79 0028 0C2B     		cmp	r3, #12
  80 002a 4CD8     		bhi	.L5
  81 002c DFE803F0 		tbb	[pc, r3]
  82              	.L7:
  83 0030 0D       		.byte	(.L10-.L7)/2
  84 0031 4B       		.byte	(.L5-.L7)/2
  85 0032 4B       		.byte	(.L5-.L7)/2
  86 0033 4B       		.byte	(.L5-.L7)/2
  87 0034 10       		.byte	(.L9-.L7)/2
  88 0035 4B       		.byte	(.L5-.L7)/2
  89 0036 4B       		.byte	(.L5-.L7)/2
  90 0037 4B       		.byte	(.L5-.L7)/2
  91 0038 14       		.byte	(.L8-.L7)/2
  92 0039 4B       		.byte	(.L5-.L7)/2
  93 003a 4B       		.byte	(.L5-.L7)/2
  94 003b 4B       		.byte	(.L5-.L7)/2
  95 003c 18       		.byte	(.L6-.L7)/2
  96              	.LVL2:
  97 003d 00       		.p2align 1
  98              	.L3:
 291:src/system/system_stm32wlxx.c ****    }
  99              		.loc 1 291 6 is_stmt 1 view .LVU16
 291:src/system/system_stm32wlxx.c ****    }
 100              		.loc 1 291 21 is_stmt 0 view .LVU17
 101 003e 4FF0B043 		mov	r3, #1476395008
ARM GAS  /tmp/cc0L1hWJ.s 			page 8


 102 0042 1B68     		ldr	r3, [r3]
 291:src/system/system_stm32wlxx.c ****    }
 103              		.loc 1 291 15 view .LVU18
 104 0044 C3F30313 		ubfx	r3, r3, #4, #4
 105              	.LVL3:
 291:src/system/system_stm32wlxx.c ****    }
 106              		.loc 1 291 15 view .LVU19
 107 0048 E6E7     		b	.L4
 108              	.LVL4:
 109              	.L10:
 300:src/system/system_stm32wlxx.c ****   {
 301:src/system/system_stm32wlxx.c ****     case 0x00:   /* MSI used as system clock source */
 302:src/system/system_stm32wlxx.c ****       SystemCoreClock = msirange;
 110              		.loc 1 302 7 is_stmt 1 view .LVU20
 111              		.loc 1 302 23 is_stmt 0 view .LVU21
 112 004a 214B     		ldr	r3, .L17+4
 113 004c 1A60     		str	r2, [r3]
 303:src/system/system_stm32wlxx.c ****       break;
 114              		.loc 1 303 7 is_stmt 1 view .LVU22
 115 004e 28E0     		b	.L11
 116              	.L9:
 304:src/system/system_stm32wlxx.c **** 
 305:src/system/system_stm32wlxx.c ****     case 0x04:  /* HSI used as system clock source */
 306:src/system/system_stm32wlxx.c ****       /* HSI used as system clock source */
 307:src/system/system_stm32wlxx.c ****         SystemCoreClock = HSI_VALUE;
 117              		.loc 1 307 9 view .LVU23
 118              		.loc 1 307 25 is_stmt 0 view .LVU24
 119 0050 1F4B     		ldr	r3, .L17+4
 120 0052 204A     		ldr	r2, .L17+8
 121              	.LVL5:
 122              		.loc 1 307 25 view .LVU25
 123 0054 1A60     		str	r2, [r3]
 308:src/system/system_stm32wlxx.c ****       break;
 124              		.loc 1 308 7 is_stmt 1 view .LVU26
 125 0056 24E0     		b	.L11
 126              	.LVL6:
 127              	.L8:
 309:src/system/system_stm32wlxx.c **** 
 310:src/system/system_stm32wlxx.c ****     case 0x08:  /* HSE used as system clock source */
 311:src/system/system_stm32wlxx.c ****       SystemCoreClock = HSE_VALUE;
 128              		.loc 1 311 7 view .LVU27
 129              		.loc 1 311 23 is_stmt 0 view .LVU28
 130 0058 1D4B     		ldr	r3, .L17+4
 131 005a 1F4A     		ldr	r2, .L17+12
 132              	.LVL7:
 133              		.loc 1 311 23 view .LVU29
 134 005c 1A60     		str	r2, [r3]
 312:src/system/system_stm32wlxx.c ****       break;
 135              		.loc 1 312 7 is_stmt 1 view .LVU30
 136 005e 20E0     		b	.L11
 137              	.LVL8:
 138              	.L6:
 313:src/system/system_stm32wlxx.c **** 
 314:src/system/system_stm32wlxx.c ****     case 0x0C: /* PLL used as system clock  source */
 315:src/system/system_stm32wlxx.c ****       /* PLL_VCO = (HSE_VALUE or HSI_VALUE or MSI_VALUE/ PLLM) * PLLN
 316:src/system/system_stm32wlxx.c ****          SYSCLK = PLL_VCO / PLLR
 317:src/system/system_stm32wlxx.c ****          */
ARM GAS  /tmp/cc0L1hWJ.s 			page 9


 318:src/system/system_stm32wlxx.c ****       pllsource = (RCC->PLLCFGR & RCC_PLLCFGR_PLLSRC);
 139              		.loc 1 318 7 view .LVU31
 140              		.loc 1 318 23 is_stmt 0 view .LVU32
 141 0060 4FF0B043 		mov	r3, #1476395008
 142 0064 D968     		ldr	r1, [r3, #12]
 143              		.loc 1 318 17 view .LVU33
 144 0066 01F00301 		and	r1, r1, #3
 145              	.LVL9:
 319:src/system/system_stm32wlxx.c ****       pllm = ((RCC->PLLCFGR & RCC_PLLCFGR_PLLM) >> RCC_PLLCFGR_PLLM_Pos) + 1UL ;
 146              		.loc 1 319 7 is_stmt 1 view .LVU34
 147              		.loc 1 319 19 is_stmt 0 view .LVU35
 148 006a DB68     		ldr	r3, [r3, #12]
 149              		.loc 1 319 49 view .LVU36
 150 006c C3F30213 		ubfx	r3, r3, #4, #3
 151              		.loc 1 319 12 view .LVU37
 152 0070 0133     		adds	r3, r3, #1
 153              	.LVL10:
 320:src/system/system_stm32wlxx.c **** 
 321:src/system/system_stm32wlxx.c ****       switch (pllsource)
 154              		.loc 1 321 7 is_stmt 1 view .LVU38
 155 0072 0229     		cmp	r1, #2
 156 0074 04D0     		beq	.L12
 157 0076 0329     		cmp	r1, #3
 158 0078 21D0     		beq	.L13
 322:src/system/system_stm32wlxx.c ****       {
 323:src/system/system_stm32wlxx.c ****         case 0x02:  /* HSI used as PLL clock source */
 324:src/system/system_stm32wlxx.c ****           pllvco = (HSI_VALUE / pllm);
 325:src/system/system_stm32wlxx.c ****           break;
 326:src/system/system_stm32wlxx.c **** 
 327:src/system/system_stm32wlxx.c ****         case 0x03:  /* HSE used as PLL clock source */
 328:src/system/system_stm32wlxx.c ****           pllvco = (HSE_VALUE / pllm);
 329:src/system/system_stm32wlxx.c ****           break;
 330:src/system/system_stm32wlxx.c **** 
 331:src/system/system_stm32wlxx.c ****         default:    /* MSI used as PLL clock source */
 332:src/system/system_stm32wlxx.c ****           pllvco = (msirange / pllm);
 159              		.loc 1 332 11 view .LVU39
 160              		.loc 1 332 18 is_stmt 0 view .LVU40
 161 007a B2FBF3F2 		udiv	r2, r2, r3
 162              	.LVL11:
 333:src/system/system_stm32wlxx.c ****           break;
 163              		.loc 1 333 11 is_stmt 1 view .LVU41
 164 007e 02E0     		b	.L15
 165              	.LVL12:
 166              	.L12:
 324:src/system/system_stm32wlxx.c ****           break;
 167              		.loc 1 324 11 view .LVU42
 324:src/system/system_stm32wlxx.c ****           break;
 168              		.loc 1 324 18 is_stmt 0 view .LVU43
 169 0080 144A     		ldr	r2, .L17+8
 170              	.LVL13:
 324:src/system/system_stm32wlxx.c ****           break;
 171              		.loc 1 324 18 view .LVU44
 172 0082 B2FBF3F2 		udiv	r2, r2, r3
 173              	.LVL14:
 325:src/system/system_stm32wlxx.c **** 
 174              		.loc 1 325 11 is_stmt 1 view .LVU45
 175              	.L15:
ARM GAS  /tmp/cc0L1hWJ.s 			page 10


 334:src/system/system_stm32wlxx.c ****       }
 335:src/system/system_stm32wlxx.c **** 
 336:src/system/system_stm32wlxx.c ****       pllvco = pllvco * ((RCC->PLLCFGR & RCC_PLLCFGR_PLLN) >> RCC_PLLCFGR_PLLN_Pos);
 176              		.loc 1 336 7 view .LVU46
 177              		.loc 1 336 30 is_stmt 0 view .LVU47
 178 0086 4FF0B041 		mov	r1, #1476395008
 179              	.LVL15:
 180              		.loc 1 336 30 view .LVU48
 181 008a CB68     		ldr	r3, [r1, #12]
 182              	.LVL16:
 183              		.loc 1 336 60 view .LVU49
 184 008c C3F30623 		ubfx	r3, r3, #8, #7
 185              		.loc 1 336 14 view .LVU50
 186 0090 02FB03F3 		mul	r3, r2, r3
 187              	.LVL17:
 337:src/system/system_stm32wlxx.c ****       pllr = (((RCC->PLLCFGR & RCC_PLLCFGR_PLLR) >> RCC_PLLCFGR_PLLR_Pos) + 1UL);
 188              		.loc 1 337 7 is_stmt 1 view .LVU51
 189              		.loc 1 337 20 is_stmt 0 view .LVU52
 190 0094 CA68     		ldr	r2, [r1, #12]
 191              		.loc 1 337 50 view .LVU53
 192 0096 520F     		lsrs	r2, r2, #29
 193              		.loc 1 337 12 view .LVU54
 194 0098 0132     		adds	r2, r2, #1
 195              	.LVL18:
 338:src/system/system_stm32wlxx.c **** 
 339:src/system/system_stm32wlxx.c ****       SystemCoreClock = pllvco/pllr;
 196              		.loc 1 339 7 is_stmt 1 view .LVU55
 197              		.loc 1 339 31 is_stmt 0 view .LVU56
 198 009a B3FBF2F3 		udiv	r3, r3, r2
 199              	.LVL19:
 200              		.loc 1 339 23 view .LVU57
 201 009e 0C4A     		ldr	r2, .L17+4
 202              	.LVL20:
 203              		.loc 1 339 23 view .LVU58
 204 00a0 1360     		str	r3, [r2]
 340:src/system/system_stm32wlxx.c ****       break;
 205              		.loc 1 340 7 is_stmt 1 view .LVU59
 206              	.LVL21:
 207              	.L11:
 341:src/system/system_stm32wlxx.c **** 
 342:src/system/system_stm32wlxx.c ****     default:
 343:src/system/system_stm32wlxx.c ****       SystemCoreClock = msirange;
 344:src/system/system_stm32wlxx.c ****       break;
 345:src/system/system_stm32wlxx.c ****   }
 346:src/system/system_stm32wlxx.c **** 
 347:src/system/system_stm32wlxx.c ****   /* Compute HCLK clock frequency --------------------------------------------*/
 348:src/system/system_stm32wlxx.c **** #if defined(DUAL_CORE) &&  defined(CORE_CM0PLUS)
 349:src/system/system_stm32wlxx.c ****   /* Get HCLK2 prescaler */
 350:src/system/system_stm32wlxx.c ****   tmp = AHBPrescTable[((RCC->EXTCFGR & RCC_EXTCFGR_C2HPRE) >> RCC_EXTCFGR_C2HPRE_Pos)];
 351:src/system/system_stm32wlxx.c **** #else
 352:src/system/system_stm32wlxx.c ****   /* Get HCLK1 prescaler */
 353:src/system/system_stm32wlxx.c ****   tmp = AHBPrescTable[((RCC->CFGR & RCC_CFGR_HPRE) >> RCC_CFGR_HPRE_Pos)];
 208              		.loc 1 353 3 view .LVU60
 209              		.loc 1 353 28 is_stmt 0 view .LVU61
 210 00a2 4FF0B043 		mov	r3, #1476395008
 211 00a6 9B68     		ldr	r3, [r3, #8]
 212              		.loc 1 353 52 view .LVU62
ARM GAS  /tmp/cc0L1hWJ.s 			page 11


 213 00a8 C3F30313 		ubfx	r3, r3, #4, #4
 214              		.loc 1 353 7 view .LVU63
 215 00ac 0B4A     		ldr	r2, .L17+16
 216 00ae 52F82310 		ldr	r1, [r2, r3, lsl #2]
 217              	.LVL22:
 354:src/system/system_stm32wlxx.c **** #endif
 355:src/system/system_stm32wlxx.c **** 
 356:src/system/system_stm32wlxx.c ****   /* Core clock frequency */
 357:src/system/system_stm32wlxx.c ****   SystemCoreClock = SystemCoreClock / tmp;
 218              		.loc 1 357 3 is_stmt 1 view .LVU64
 219              		.loc 1 357 37 is_stmt 0 view .LVU65
 220 00b2 074A     		ldr	r2, .L17+4
 221 00b4 1368     		ldr	r3, [r2]
 222 00b6 B3FBF1F3 		udiv	r3, r3, r1
 223              		.loc 1 357 19 view .LVU66
 224 00ba 1360     		str	r3, [r2]
 358:src/system/system_stm32wlxx.c **** }
 225              		.loc 1 358 1 view .LVU67
 226 00bc 7047     		bx	lr
 227              	.LVL23:
 228              	.L13:
 328:src/system/system_stm32wlxx.c ****           break;
 229              		.loc 1 328 11 is_stmt 1 view .LVU68
 328:src/system/system_stm32wlxx.c ****           break;
 230              		.loc 1 328 18 is_stmt 0 view .LVU69
 231 00be 064A     		ldr	r2, .L17+12
 232              	.LVL24:
 328:src/system/system_stm32wlxx.c ****           break;
 233              		.loc 1 328 18 view .LVU70
 234 00c0 B2FBF3F2 		udiv	r2, r2, r3
 235              	.LVL25:
 329:src/system/system_stm32wlxx.c **** 
 236              		.loc 1 329 11 is_stmt 1 view .LVU71
 237 00c4 DFE7     		b	.L15
 238              	.LVL26:
 239              	.L5:
 343:src/system/system_stm32wlxx.c ****       break;
 240              		.loc 1 343 7 view .LVU72
 343:src/system/system_stm32wlxx.c ****       break;
 241              		.loc 1 343 23 is_stmt 0 view .LVU73
 242 00c6 024B     		ldr	r3, .L17+4
 243 00c8 1A60     		str	r2, [r3]
 344:src/system/system_stm32wlxx.c ****   }
 244              		.loc 1 344 7 is_stmt 1 view .LVU74
 245 00ca EAE7     		b	.L11
 246              	.L18:
 247              		.align	2
 248              	.L17:
 249 00cc 00000000 		.word	MSIRangeTable
 250 00d0 00000000 		.word	SystemCoreClock
 251 00d4 0024F400 		.word	16000000
 252 00d8 0048E801 		.word	32000000
 253 00dc 00000000 		.word	AHBPrescTable
 254              		.cfi_endproc
 255              	.LFE845:
 257              		.global	MSIRangeTable
 258              		.section	.rodata.MSIRangeTable,"a"
ARM GAS  /tmp/cc0L1hWJ.s 			page 12


 259              		.align	2
 262              	MSIRangeTable:
 263 0000 A0860100 		.word	100000
 264 0004 400D0300 		.word	200000
 265 0008 801A0600 		.word	400000
 266 000c 00350C00 		.word	800000
 267 0010 40420F00 		.word	1000000
 268 0014 80841E00 		.word	2000000
 269 0018 00093D00 		.word	4000000
 270 001c 00127A00 		.word	8000000
 271 0020 0024F400 		.word	16000000
 272 0024 00366E01 		.word	24000000
 273 0028 0048E801 		.word	32000000
 274 002c 006CDC02 		.word	48000000
 275 0030 00000000 		.word	0
 276 0034 00000000 		.word	0
 277 0038 00000000 		.word	0
 278 003c 00000000 		.word	0
 279              		.global	APBPrescTable
 280              		.section	.rodata.APBPrescTable,"a"
 281              		.align	2
 284              	APBPrescTable:
 285 0000 00000000 		.word	0
 286 0004 00000000 		.word	0
 287 0008 00000000 		.word	0
 288 000c 00000000 		.word	0
 289 0010 01000000 		.word	1
 290 0014 02000000 		.word	2
 291 0018 03000000 		.word	3
 292 001c 04000000 		.word	4
 293              		.global	AHBPrescTable
 294              		.section	.rodata.AHBPrescTable,"a"
 295              		.align	2
 298              	AHBPrescTable:
 299 0000 01000000 		.word	1
 300 0004 03000000 		.word	3
 301 0008 05000000 		.word	5
 302 000c 01000000 		.word	1
 303 0010 01000000 		.word	1
 304 0014 06000000 		.word	6
 305 0018 0A000000 		.word	10
 306 001c 20000000 		.word	32
 307 0020 02000000 		.word	2
 308 0024 04000000 		.word	4
 309 0028 08000000 		.word	8
 310 002c 10000000 		.word	16
 311 0030 40000000 		.word	64
 312 0034 80000000 		.word	128
 313 0038 00010000 		.word	256
 314 003c 00020000 		.word	512
 315              		.global	SystemCoreClock
 316              		.section	.data.SystemCoreClock,"aw"
 317              		.align	2
 320              	SystemCoreClock:
 321 0000 00093D00 		.word	4000000
 322              		.text
 323              	.Letext0:
ARM GAS  /tmp/cc0L1hWJ.s 			page 13


 324              		.file 2 "/usr/share/arm-gnu-toolchain-13.3.rel1-x86_64-arm-none-eabi/arm-none-eabi/include/machine
 325              		.file 3 "/usr/share/arm-gnu-toolchain-13.3.rel1-x86_64-arm-none-eabi/arm-none-eabi/include/sys/_st
 326              		.file 4 "external/drivers/cmsis/include/system_stm32wlxx.h"
 327              		.file 5 "external/drivers/cmsis/include/stm32wle5xx.h"
 328              		.file 6 "external/drivers/stm32wlxx/include/stm32wlxx_ll_dma.h"
ARM GAS  /tmp/cc0L1hWJ.s 			page 14


DEFINED SYMBOLS
                            *ABS*:00000000 system_stm32wlxx.c
     /tmp/cc0L1hWJ.s:19     .text.SystemInit:00000000 $t
     /tmp/cc0L1hWJ.s:25     .text.SystemInit:00000000 SystemInit
     /tmp/cc0L1hWJ.s:38     .text.SystemCoreClockUpdate:00000000 $t
     /tmp/cc0L1hWJ.s:44     .text.SystemCoreClockUpdate:00000000 SystemCoreClockUpdate
     /tmp/cc0L1hWJ.s:83     .text.SystemCoreClockUpdate:00000030 $d
     /tmp/cc0L1hWJ.s:249    .text.SystemCoreClockUpdate:000000cc $d
     /tmp/cc0L1hWJ.s:262    .rodata.MSIRangeTable:00000000 MSIRangeTable
     /tmp/cc0L1hWJ.s:320    .data.SystemCoreClock:00000000 SystemCoreClock
     /tmp/cc0L1hWJ.s:298    .rodata.AHBPrescTable:00000000 AHBPrescTable
     /tmp/cc0L1hWJ.s:259    .rodata.MSIRangeTable:00000000 $d
     /tmp/cc0L1hWJ.s:284    .rodata.APBPrescTable:00000000 APBPrescTable
     /tmp/cc0L1hWJ.s:281    .rodata.APBPrescTable:00000000 $d
     /tmp/cc0L1hWJ.s:295    .rodata.AHBPrescTable:00000000 $d
     /tmp/cc0L1hWJ.s:317    .data.SystemCoreClock:00000000 $d
     /tmp/cc0L1hWJ.s:97     .text.SystemCoreClockUpdate:0000003d $d
     /tmp/cc0L1hWJ.s:97     .text.SystemCoreClockUpdate:0000003e $t

NO UNDEFINED SYMBOLS
